0001_0210_0149_0181_0181.jpg 1 210 149 181 181
0002_0444_0239_0058_0058.jpg 1 444 239 58 58
0003_0473_0471_0217_0217.jpg 1 473 471 217 217
0004_0332_0029_0236_0236.jpg 1 332 29 236 236
0005_0158_0021_0256_0256.jpg 1 158 21 256 256
0006_0178_0023_0231_0231.jpg 1 178 23 231 231
0007_0055_0167_0086_0086.jpg 1 55 167 86 86
0008_0174_0081_0230_0230.jpg 1 174 81 230 230
0009_0249_0029_0239_0239.jpg 1 249 29 239 239
0010_0297_0579_0132_0132.jpg 1 297 579 132 132
0011_0136_0155_0137_0137.jpg 1 136 155 137 137
0012_0208_0051_0024_0024.jpg 1 208 51 24 24
0013_0590_0253_0210_0210.jpg 1 590 253 210 210
0014_0075_0163_0184_0184.jpg 1 75 163 184 184
0015_0211_0075_0079_0079.jpg 1 211 75 79 79
0016_0087_0094_0040_0040.jpg 1 87 94 40 40
0017_0222_0077_0190_0190.jpg 1 222 77 190 190
0018_0233_0532_0021_0021.jpg 1 233 532 21 21
0019_0779_0765_0177_0177.jpg 1 779 765 177 177
0020_0708_0982_0215_0215.jpg 1 708 982 215 215
0021_0164_0039_0182_0182.jpg 1 164 39 182 182
0022_0124_0164_0106_0106.jpg 1 124 164 106 106
0023_0846_0456_0136_0136.jpg 1 846 456 136 136
0024_0354_0059_0163_0163.jpg 1 354 59 163 163
0025_0097_0080_0114_0114.jpg 1 97 80 114 114
0026_0182_0126_0152_0152.jpg 1 182 126 152 152
0027_0394_0157_0182_0182.jpg 1 394 157 182 182
0028_0220_0165_0136_0136.jpg 1 220 165 136 136
0029_0290_0886_0240_0240.jpg 1 290 886 240 240
0030_0553_1428_0096_0096.jpg 1 553 1428 96 96
0031_0446_0300_0044_0044.jpg 1 446 300 44 44
0032_0281_0064_0152_0152.jpg 1 281 64 152 152
0033_0652_1067_0165_0165.jpg 1 652 1067 165 165
0034_0807_1126_0078_0078.jpg 1 807 1126 78 78
0035_0300_0627_0159_0159.jpg 1 300 627 159 159
0036_0293_0331_0024_0024.jpg 1 293 331 24 24
0037_0150_0154_0123_0123.jpg 1 150 154 123 123
0038_0166_0260_0078_0078.jpg 1 166 260 78 78
0039_0076_0205_0159_0159.jpg 1 76 205 159 159
0040_0394_0153_0140_0140.jpg 1 394 153 140 140
0041_0292_0232_0050_0050.jpg 1 292 232 50 50
0042_0434_0165_0129_0129.jpg 1 434 165 129 129
0043_0263_0200_0166_0166.jpg 1 263 200 166 166
0044_0253_0168_0111_0111.jpg 1 253 168 111 111
0045_0303_0112_0265_0265.jpg 1 303 112 265 265
0046_0659_0254_0032_0032.jpg 1 659 254 32 32
0047_0542_0644_0123_0123.jpg 1 542 644 123 123
0048_0106_0163_0111_0111.jpg 1 106 163 111 111
0049_0831_1354_0132_0132.jpg 1 831 1354 132 132
0050_0058_0068_0114_0114.jpg 1 58 68 114 114
0051_0587_0890_0056_0056.jpg 1 587 890 56 56
0052_0069_0033_0257_0257.jpg 1 69 33 257 257
0053_0105_0048_0264_0264.jpg 1 105 48 264 264
0054_0315_0043_0209_0209.jpg 1 315 43 209 209
0055_0230_0100_0114_0114.jpg 1 230 100 114 114
0056_0250_0236_0029_0029.jpg 1 250 236 29 29
0057_0462_1428_0124_0124.jpg 1 462 1428 124 124
0058_0186_0057_0151_0151.jpg 1 186 57 151 151
0059_0384_0121_0111_0111.jpg 1 384 121 111 111
0060_0328_0140_0236_0236.jpg 1 328 140 236 236
0061_0205_0234_0082_0082.jpg 1 205 234 82 82
0062_0228_0724_0099_0099.jpg 1 228 724 99 99
0063_0336_0256_0078_0078.jpg 1 336 256 78 78
0064_0388_0210_0041_0041.jpg 1 388 210 41 41
0065_0638_1276_0242_0242.jpg 1 638 1276 242 242
0066_0123_0060_0264_0264.jpg 1 123 60 264 264
0067_0161_0056_0208_0208.jpg 1 161 56 208 208
0068_0378_0778_0121_0121.jpg 1 378 778 121 121
0069_0406_0178_0119_0119.jpg 1 406 178 119 119
0070_0685_1086_0201_0201.jpg 1 685 1086 201 201
0071_0445_0745_0074_0074.jpg 1 445 745 74 74
0072_0203_0036_0147_0147.jpg 1 203 36 147 147
0073_0469_0083_0025_0025.jpg 1 469 83 25 25
0074_0235_0145_0223_0223.jpg 1 235 145 223 223
0075_0170_0202_0118_0118.jpg 1 170 202 118 118
0076_0109_0098_0243_0243.jpg 1 109 98 243 243
0077_0301_0231_0025_0025.jpg 1 301 231 25 25
0078_0176_0022_0212_0212.jpg 1 176 22 212 212
0079_0196_0241_0118_0118.jpg 1 196 241 118 118
0080_0667_0872_0050_0050.jpg 1 667 872 50 50
0081_0076_0048_0117_0117.jpg 1 76 48 117 117
0082_0115_0058_0202_0202.jpg 1 115 58 202 202
0083_0237_0061_0124_0124.jpg 1 237 61 124 124
0084_0154_0150_0039_0039.jpg 1 154 150 39 39
0085_0418_0046_0072_0072.jpg 1 418 46 72 72
0086_0498_0298_0029_0029.jpg 1 498 298 29 29
0087_0197_0150_0158_0158.jpg 1 197 150 158 158
0088_0311_0057_0151_0151.jpg 1 311 57 151 151
0089_0297_0083_0235_0235.jpg 1 297 83 235 235
0090_0126_0206_0074_0074.jpg 1 126 206 74 74
0091_0186_0134_0193_0193.jpg 1 186 134 193 193
0092_0122_0053_0157_0157.jpg 1 122 53 157 157
0093_0223_0144_0230_0230.jpg 1 223 144 230 230
0094_0199_0063_0245_0245.jpg 1 199 63 245 245
0095_0156_0173_0161_0161.jpg 1 156 173 161 161
0096_0146_1608_0049_0049.jpg 1 146 1608 49 49
0097_0091_0150_0131_0131.jpg 1 91 150 131 131
0098_0749_1046_0247_0247.jpg 1 749 1046 247 247
0099_0146_0126_0224_0224.jpg 1 146 126 224 224
0100_0270_0190_0099_0099.jpg 1 270 190 99 99
0101_0098_0187_0137_0137.jpg 1 98 187 137 137
0102_0659_1415_0031_0031.jpg 1 659 1415 31 31
0103_0243_0147_0229_0229.jpg 1 243 147 229 229
0104_0091_0174_0079_0079.jpg 1 91 174 79 79
0105_0388_0083_0168_0168.jpg 1 388 83 168 168
0106_0171_0099_0112_0112.jpg 1 171 99 112 112
0107_0421_0557_0141_0141.jpg 1 421 557 141 141
0108_0432_1057_0100_0100.jpg 1 432 1057 100 100
0109_0805_0798_0173_0173.jpg 1 805 798 173 173
0110_0445_0177_0063_0063.jpg 1 445 177 63 63
0111_0148_0053_0232_0232.jpg 1 148 53 232 232
0112_0475_0409_0125_0125.jpg 1 475 409 125 125
0113_0103_0049_0244_0244.jpg 1 103 49 244 244
0114_0115_0190_0125_0125.jpg 1 115 190 125 125
0115_0816_1254_0134_0134.jpg 1 816 1254 134 134
0116_0252_1424_0127_0127.jpg 1 252 1424 127 127
0117_0222_0024_0182_0182.jpg 1 222 24 182 182
0118_0079_0109_0268_0268.jpg 1 79 109 268 268
0119_0323_0224_0133_0133.jpg 1 323 224 133 133
0120_0350_0246_0023_0023.jpg 1 350 246 23 23
0121_0160_0082_0277_0277.jpg 1 160 82 277 277
0122_0089_0161_0057_0057.jpg 1 89 161 57 57
0123_0291_1322_0159_0159.jpg 1 291 1322 159 159
0124_0332_0831_0160_0160.jpg 1 332 831 160 160
0125_0725_1617_0037_0037.jpg 1 725 1617 37 37
0126_0426_0037_0127_0127.jpg 1 426 37 127 127
0127_0356_0530_0045_0045.jpg 1 356 530 45 45
0128_0161_0206_0062_0062.jpg 1 161 206 62 62
0129_0105_0132_0191_0191.jpg 1 105 132 191 191
0130_0404_0306_0054_0054.jpg 1 404 306 54 54
0131_0325_0043_0094_0094.jpg 1 325 43 94 94
0132_0141_0016_0274_0274.jpg 1 141 16 274 274
0133_0060_0094_0089_0089.jpg 1 60 94 89 89
0134_0168_0214_0029_0029.jpg 1 168 214 29 29
0135_0263_0024_0226_0226.jpg 1 263 24 226 226
0136_0368_0071_0101_0101.jpg 1 368 71 101 101
0137_0096_0096_0270_0270.jpg 1 96 96 270 270
0138_0317_0242_0110_0110.jpg 1 317 242 110 110
0139_0050_0020_0223_0223.jpg 1 50 20 223 223
0140_0097_1417_0157_0157.jpg 1 97 1417 157 157
0141_0280_0087_0224_0224.jpg 1 280 87 224 224
0142_0374_0169_0109_0109.jpg 1 374 169 109 109
0143_0302_1378_0103_0103.jpg 1 302 1378 103 103
0144_0331_0144_0102_0102.jpg 1 331 144 102 102
0145_0088_0038_0190_0190.jpg 1 88 38 190 190
0146_0299_0017_0261_0261.jpg 1 299 17 261 261
0147_0044_0044_0266_0266.jpg 1 44 44 266 266
0148_0151_0056_0087_0087.jpg 1 151 56 87 87
0149_0169_0016_0246_0246.jpg 1 169 16 246 246
0150_0075_0063_0113_0113.jpg 1 75 63 113 113
0151_0316_0262_0048_0048.jpg 1 316 262 48 48
0152_0556_0265_0238_0238.jpg 1 556 265 238 238
0153_0157_1267_0204_0204.jpg 1 157 1267 204 204
0154_0192_0144_0032_0032.jpg 1 192 144 32 32
0155_0123_0022_0199_0199.jpg 1 123 22 199 199
0156_0128_0128_0246_0246.jpg 1 128 128 246 246
0157_0386_1417_0100_0100.jpg 1 386 1417 100 100
0158_0250_0035_0248_0248.jpg 1 250 35 248 248
0159_0545_1140_0136_0136.jpg 1 545 1140 136 136
0160_0140_0165_0071_0071.jpg 1 140 165 71 71
0161_0128_0162_0193_0193.jpg 1 128 162 193 193
0162_0228_0029_0203_0203.jpg 1 228 29 203 203
0163_0070_0083_0265_0265.jpg 1 70 83 265 265
0164_0777_0432_0145_0145.jpg 1 777 432 145 145
0165_0453_0275_0053_0053.jpg 1 453 275 53 53
0166_0168_0041_0136_0136.jpg 1 168 41 136 136
0167_0169_0582_0209_0209.jpg 1 169 582 209 209
0168_0671_0235_0273_0273.jpg 1 671 235 273 273
0169_0117_0728_0073_0073.jpg 1 117 728 73 73
0170_0362_0285_0040_0040.jpg 1 362 285 40 40
0171_0186_0138_0124_0124.jpg 1 186 138 124 124
0172_0688_0430_0270_0270.jpg 1 688 430 270 270
0173_0315_0043_0279_0279.jpg 1 315 43 279 279
0174_0382_1130_0080_0080.jpg 1 382 1130 80 80
0175_0498_0076_0056_0056.jpg 1 498 76 56 56
0176_0210_0062_0271_0271.jpg 1 210 62 271 271
0177_0299_0818_0226_0226.jpg 1 299 818 226 226
0178_0066_0161_0103_0103.jpg 1 66 161 103 103
0179_0299_0098_0278_0278.jpg 1 299 98 278 278
0180_0260_1129_0156_0156.jpg 1 260 1129 156 156
0181_0341_0039_0136_0136.jpg 1 341 39 136 136
0182_0165_0129_0108_0108.jpg 1 165 129 108 108
0183_0143_0198_0171_0171.jpg 1 143 198 171 171
0184_0276_0139_0049_0049.jpg 1 276 139 49 49
0185_0528_0317_0244_0244.jpg 1 528 317 244 244
0186_0142_0089_0040_0040.jpg 1 142 89 40 40
0187_0137_0124_0103_0103.jpg 1 137 124 103 103
0188_0052_0165_0191_0191.jpg 1 52 165 191 191
0189_0205_0087_0232_0232.jpg 1 205 87 232 232
0190_0179_0145_0203_0203.jpg 1 179 145 203 203
0191_0330_0137_0231_0231.jpg 1 330 137 231 231
0192_0827_0901_0074_0074.jpg 1 827 901 74 74
0193_0178_0143_0147_0147.jpg 1 178 143 147 147
0194_0245_0081_0254_0254.jpg 1 245 81 254 254
0195_0170_0136_0216_0216.jpg 1 170 136 216 216
0196_0039_0046_0260_0260.jpg 1 39 46 260 260
0197_0162_0237_0126_0126.jpg 1 162 237 126 126
0198_0065_0095_0190_0190.jpg 1 65 95 190 190
0199_0112_0071_0180_0180.jpg 1 112 71 180 180
0200_0277_0041_0213_0213.jpg 1 277 41 213 213
0201_0167_1072_0078_0078.jpg 1 167 1072 78 78
0202_0380_0076_0196_0196.jpg 1 380 76 196 196
0203_0066_0209_0090_0090.jpg 1 66 209 90 90
0204_0324_0121_0084_0084.jpg 1 324 121 84 84
0205_0804_0385_0144_0144.jpg 1 804 385 144 144
0206_0200_1368_0135_0135.jpg 1 200 1368 135 135
0207_0220_0071_0229_0229.jpg 1 220 71 229 229
0208_0281_0142_0209_0209.jpg 1 281 142 209 209
0209_0280_0052_0153_0153.jpg 1 280 52 153 153
0210_0754_1585_0099_0099.jpg 1 754 1585 99 99
0211_0132_0168_0123_0123.jpg 1 132 168 123 123
0212_0452_0034_0107_0107.jpg 1 452 34 107 107
0213_0296_0053_0227_0227.jpg 1 296 53 227 227
0214_0095_0121_0086_0086.jpg 1 95 121 86 86
0215_0408_0209_0117_0117.jpg 1 408 209 117 117
0216_0379_0208_0136_0136.jpg 1 379 208 136 136
0217_0474_1307_0202_0202.jpg 1 474 1307 202 202
0218_0393_0428_0098_0098.jpg 1 393 428 98 98
0219_0512_1377_0129_0129.jpg 1 512 1377 129 129
0220_0298_0279_0031_0031.jpg 1 298 279 31 31
0221_0571_0379_0277_0277.jpg 1 571 379 277 277
0222_0837_0818_0025_0025.jpg 1 837 818 25 25
0223_0304_0074_0084_0084.jpg 1 304 74 84 84
0224_0266_0240_0125_0125.jpg 1 266 240 125 125
0225_0257_1396_0178_0178.jpg 1 257 1396 178 178
0226_0283_0069_0092_0092.jpg 1 283 69 92 92
0227_0205_0034_0216_0216.jpg 1 205 34 216 216
0228_0243_0023_0203_0203.jpg 1 243 23 203 203
0229_0772_0198_0119_0119.jpg 1 772 198 119 119
0230_0102_0164_0103_0103.jpg 1 102 164 103 103
0231_0425_0496_0236_0236.jpg 1 425 496 236 236
0232_0088_0038_0227_0227.jpg 1 88 38 227 227
0233_0374_0065_0117_0117.jpg 1 374 65 117 117
0234_0165_0157_0130_0130.jpg 1 165 157 130 130
0235_0226_0095_0251_0251.jpg 1 226 95 251 251
0236_0068_0032_0190_0190.jpg 1 68 32 190 190
0237_0387_0147_0107_0107.jpg 1 387 147 107 107
0238_0107_0286_0044_0044.jpg 1 107 286 44 44
0239_0442_1267_0233_0233.jpg 1 442 1267 233 233
0240_0098_0245_0035_0035.jpg 1 98 245 35 35
0241_0113_1127_0092_0092.jpg 1 113 1127 92 92
0242_0547_0525_0200_0200.jpg 1 547 525 200 200
0243_0252_0072_0234_0234.jpg 1 252 72 234 234
0244_0419_0690_0086_0086.jpg 1 419 690 86 86
0245_0108_0309_0028_0028.jpg 1 108 309 28 28
0246_0084_0237_0069_0069.jpg 1 84 237 69 69
0247_0220_0928_0216_0216.jpg 1 220 928 216 216
0248_0523_0207_0174_0174.jpg 1 523 207 174 174
0249_0459_0465_0134_0134.jpg 1 459 465 134 134
0250_0362_0112_0110_0110.jpg 1 362 112 110 110
0251_0240_0215_0160_0160.jpg 1 240 215 160 160
0252_0211_1065_0254_0254.jpg 1 211 1065 254 254
0253_0191_0632_0223_0223.jpg 1 191 632 223 223
0254_0740_1073_0244_0244.jpg 1 740 1073 244 244
0255_0333_0291_0037_0037.jpg 1 333 291 37 37
0256_0125_0209_0147_0147.jpg 1 125 209 147 147
0257_0250_0065_0199_0199.jpg 1 250 65 199 199
0258_0103_0139_0199_0199.jpg 1 103 139 199 199
0259_0180_0053_0039_0039.jpg 1 180 53 39 39
0260_0104_0062_0097_0097.jpg 1 104 62 97 97
0261_0374_0172_0112_0112.jpg 1 374 172 112 112
0262_0707_1272_0152_0152.jpg 1 707 1272 152 152
0263_0545_0570_0198_0198.jpg 1 545 570 198 198
0264_0051_0095_0246_0246.jpg 1 51 95 246 246
0265_0115_1053_0279_0279.jpg 1 115 1053 279 279
0266_0381_0141_0103_0103.jpg 1 381 141 103 103
0267_0276_0103_0143_0143.jpg 1 276 103 143 143
0268_0061_0058_0273_0273.jpg 1 61 58 273 273
0269_0098_0326_0227_0227.jpg 1 98 326 227 227
0270_0244_0144_0222_0222.jpg 1 244 144 222 222
0271_0202_0972_0080_0080.jpg 1 202 972 80 80
0272_0163_0073_0272_0272.jpg 1 163 73 272 272
0273_0414_0185_0114_0114.jpg 1 414 185 114 114
0274_0235_0233_0110_0110.jpg 1 235 233 110 110
0275_0381_0027_0130_0130.jpg 1 381 27 130 130
0276_0219_0145_0159_0159.jpg 1 219 145 159 159
0277_0250_0174_0122_0122.jpg 1 250 174 122 122
0278_0172_0182_0186_0186.jpg 1 172 182 186 186
0279_0177_0970_0266_0266.jpg 1 177 970 266 266
0280_0259_0042_0176_0176.jpg 1 259 42 176 176
0281_0271_0067_0237_0237.jpg 1 271 67 237 237
0282_0166_0049_0216_0216.jpg 1 166 49 216 216
0283_0782_1523_0172_0172.jpg 1 782 1523 172 172
0284_0500_0147_0052_0052.jpg 1 500 147 52 52
0285_0294_0047_0188_0188.jpg 1 294 47 188 188
0286_0072_0173_0124_0124.jpg 1 72 173 124 124
0287_0109_0710_0277_0277.jpg 1 109 710 277 277
0288_0362_0288_0075_0075.jpg 1 362 288 75 75
0289_0677_0684_0149_0149.jpg 1 677 684 149 149
0290_0056_0035_0178_0178.jpg 1 56 35 178 178
0291_0694_0488_0221_0221.jpg 1 694 488 221 221
0292_0403_0685_0133_0133.jpg 1 403 685 133 133
0293_0343_0136_0234_0234.jpg 1 343 136 234 234
0294_0459_0955_0093_0093.jpg 1 459 955 93 93
0295_0363_0126_0206_0206.jpg 1 363 126 206 206
0296_0334_0445_0080_0080.jpg 1 334 445 80 80
0297_0422_0110_0080_0080.jpg 1 422 110 80 80
0298_0274_0022_0270_0270.jpg 1 274 22 270 270
0299_0133_0058_0192_0192.jpg 1 133 58 192 192
0300_0040_0102_0263_0263.jpg 1 40 102 263 263
0301_0737_1433_0118_0118.jpg 1 737 1433 118 118
0302_0378_0029_0129_0129.jpg 1 378 29 129 129
0303_0659_0253_0031_0031.jpg 1 659 253 31 31
0304_0175_0693_0254_0254.jpg 1 175 693 254 254
0305_0236_0089_0259_0259.jpg 1 236 89 259 259
0306_0318_1481_0265_0265.jpg 1 318 1481 265 265
0307_0398_0126_0137_0137.jpg 1 398 126 137 137
0308_0240_0034_0255_0255.jpg 1 240 34 255 255
0309_0592_0231_0173_0173.jpg 1 592 231 173 173
0310_0364_0188_0188_0188.jpg 1 364 188 188 188
0311_0411_0209_0062_0062.jpg 1 411 209 62 62
0312_0185_0219_0230_0230.jpg 1 185 219 230 230
0313_0482_0237_0093_0093.jpg 1 482 237 93 93
0314_0168_0302_0061_0061.jpg 1 168 302 61 61
0315_0226_1037_0244_0244.jpg 1 226 1037 244 244
0316_0116_0047_0259_0259.jpg 1 116 47 259 259
0317_0187_0125_0169_0169.jpg 1 187 125 169 169
0318_0405_0108_0107_0107.jpg 1 405 108 107 107
0319_0123_0060_0247_0247.jpg 1 123 60 247 247
0320_0171_0096_0261_0261.jpg 1 171 96 261 261
0321_0689_1028_0225_0225.jpg 1 689 1028 225 225
0322_0077_0087_0027_0027.jpg 1 77 87 27 27
0323_0272_0289_0036_0036.jpg 1 272 289 36 36
0324_0851_0655_0062_0062.jpg 1 851 655 62 62
0325_0100_0214_0102_0102.jpg 1 100 214 102 102
0326_0614_0756_0116_0116.jpg 1 614 756 116 116
0327_0134_0125_0212_0212.jpg 1 134 125 212 212
0328_0410_0123_0119_0119.jpg 1 410 123 119 119
0329_0104_0023_0259_0259.jpg 1 104 23 259 259
0330_0143_0135_0184_0184.jpg 1 143 135 184 184
0331_0750_0737_0172_0172.jpg 1 750 737 172 172
0332_0421_0190_0146_0146.jpg 1 421 190 146 146
0333_0079_0224_0098_0098.jpg 1 79 224 98 98
0334_0224_0087_0081_0081.jpg 1 224 87 81 81
0335_0406_1390_0166_0166.jpg 1 406 1390 166 166
0336_0379_0062_0112_0112.jpg 1 379 62 112 112
0337_0598_0430_0251_0251.jpg 1 598 430 251 251
0338_0552_1388_0169_0169.jpg 1 552 1388 169 169
0339_0479_1047_0071_0071.jpg 1 479 1047 71 71
0340_0527_0138_0039_0039.jpg 1 527 138 39 39
0341_0196_1168_0248_0248.jpg 1 196 1168 248 248
0342_0691_1392_0064_0064.jpg 1 691 1392 64 64
0343_0170_0094_0176_0176.jpg 1 170 94 176 176
0344_0069_0225_0148_0148.jpg 1 69 225 148 148
0345_0190_0122_0257_0257.jpg 1 190 122 257 257
0346_0177_0207_0133_0133.jpg 1 177 207 133 133
0347_0712_1080_0268_0268.jpg 1 712 1080 268 268
0348_0274_0055_0138_0138.jpg 1 274 55 138 138
0349_0415_0203_0115_0115.jpg 1 415 203 115 115
0350_0327_0242_0103_0103.jpg 1 327 242 103 103
0351_0283_0527_0172_0172.jpg 1 283 527 172 172
0352_0050_0106_0175_0175.jpg 1 50 106 175 175
0353_0366_0124_0168_0168.jpg 1 366 124 168 168
0354_0673_1063_0078_0078.jpg 1 673 1063 78 78
0355_0258_0188_0178_0178.jpg 1 258 188 178 178
0356_0428_0911_0260_0260.jpg 1 428 911 260 260
0357_0130_0057_0248_0248.jpg 1 130 57 248 248
0358_0142_0043_0165_0165.jpg 1 142 43 165 165
0359_0516_1075_0139_0139.jpg 1 516 1075 139 139
0360_0238_0164_0098_0098.jpg 1 238 164 98 98
0361_0343_0266_0209_0209.jpg 1 343 266 209 209
0362_0283_0158_0145_0145.jpg 1 283 158 145 145
0363_0676_0197_0100_0100.jpg 1 676 197 100 100
0364_0592_0902_0060_0060.jpg 1 592 902 60 60
0365_0272_0120_0262_0262.jpg 1 272 120 262 262
0366_0666_0991_0033_0033.jpg 1 666 991 33 33
0367_0098_0194_0145_0145.jpg 1 98 194 145 145
0368_0203_0160_0180_0180.jpg 1 203 160 180 180
0369_0061_0160_0071_0071.jpg 1 61 160 71 71
0370_0268_0116_0211_0211.jpg 1 268 116 211 211
0371_0700_0840_0256_0256.jpg 1 700 840 256 256
0372_0320_0021_0241_0241.jpg 1 320 21 241 241
0373_0159_0236_0097_0097.jpg 1 159 236 97 97
0374_0348_0117_0180_0180.jpg 1 348 117 180 180
0375_0126_0080_0081_0081.jpg 1 126 80 81 81
0376_0077_0016_0261_0261.jpg 1 77 16 261 261
0377_0092_0100_0117_0117.jpg 1 92 100 117 117
0378_0264_0085_0064_0064.jpg 1 264 85 64 64
0379_0145_0016_0244_0244.jpg 1 145 16 244 244
0380_0154_0196_0141_0141.jpg 1 154 196 141 141
0381_0108_0052_0212_0212.jpg 1 108 52 212 212
0382_0384_0050_0186_0186.jpg 1 384 50 186 186
0383_0223_0218_0069_0069.jpg 1 223 218 69 69
0384_0179_0128_0166_0166.jpg 1 179 128 166 166
0385_0194_0130_0210_0210.jpg 1 194 130 210 210
0386_0256_0092_0036_0036.jpg 1 256 92 36 36
0387_0303_0299_0024_0024.jpg 1 303 299 24 24
0388_0245_0097_0216_0216.jpg 1 245 97 216 216
0389_0296_0348_0140_0140.jpg 1 296 348 140 140
0390_0149_0517_0039_0039.jpg 1 149 517 39 39
0391_0077_0205_0096_0096.jpg 1 77 205 96 96
0392_0376_0081_0110_0110.jpg 1 376 81 110 110
0393_0225_0833_0163_0163.jpg 1 225 833 163 163
0394_0108_0212_0139_0139.jpg 1 108 212 139 139
0395_0437_0220_0078_0078.jpg 1 437 220 78 78
0396_0099_0142_0150_0150.jpg 1 99 142 150 150
0397_0201_0158_0047_0047.jpg 1 201 158 47 47
0398_0404_0221_0148_0148.jpg 1 404 221 148 148
0399_0875_0797_0096_0096.jpg 1 875 797 96 96
0400_0366_0249_0070_0070.jpg 1 366 249 70 70
0401_0460_0190_0126_0126.jpg 1 460 190 126 126
0402_0339_0056_0100_0100.jpg 1 339 56 100 100
0403_0286_0155_0024_0024.jpg 1 286 155 24 24
0404_0441_0844_0208_0208.jpg 1 441 844 208 208
0405_0069_0133_0227_0227.jpg 1 69 133 227 227
0406_0338_0084_0192_0192.jpg 1 338 84 192 192
0407_0256_0088_0115_0115.jpg 1 256 88 115 115
0408_0098_0192_0074_0074.jpg 1 98 192 74 74
0409_0236_0229_0115_0115.jpg 1 236 229 115 115
0410_0271_0079_0194_0194.jpg 1 271 79 194 194
0411_0264_0187_0117_0117.jpg 1 264 187 117 117
0412_0263_0062_0129_0129.jpg 1 263 62 129 129
0413_0332_0031_0146_0146.jpg 1 332 31 146 146
0414_0134_0107_0279_0279.jpg 1 134 107 279 279
0415_0191_0201_0080_0080.jpg 1 191 201 80 80
0416_0325_0481_0258_0258.jpg 1 325 481 258 258
0417_0292_0155_0072_0072.jpg 1 292 155 72 72
0418_0809_0295_0166_0166.jpg 1 809 295 166 166
0419_0232_0170_0053_0053.jpg 1 232 170 53 53
0420_0094_0184_0160_0160.jpg 1 94 184 160 160
0421_0302_0273_0058_0058.jpg 1 302 273 58 58
0422_0738_1155_0054_0054.jpg 1 738 1155 54 54
0423_0339_0128_0193_0193.jpg 1 339 128 193 193
0424_0520_0128_0059_0059.jpg 1 520 128 59 59
0425_0072_0124_0126_0126.jpg 1 72 124 126 126
0426_0250_0465_0069_0069.jpg 1 250 465 69 69
0427_0579_1096_0102_0102.jpg 1 579 1096 102 102
0428_0337_0622_0129_0129.jpg 1 337 622 129 129
0429_0691_0324_0127_0127.jpg 1 691 324 127 127
0430_0224_0293_0036_0036.jpg 1 224 293 36 36
0431_0290_0014_0258_0258.jpg 1 290 14 258 258
0432_0835_0906_0120_0120.jpg 1 835 906 120 120
0433_0449_0191_0133_0133.jpg 1 449 191 133 133
0434_0276_0124_0150_0150.jpg 1 276 124 150 150
0435_0059_0079_0256_0256.jpg 1 59 79 256 256
0436_0320_0059_0195_0195.jpg 1 320 59 195 195
0437_0412_0630_0193_0193.jpg 1 412 630 193 193
0438_0336_0122_0160_0160.jpg 1 336 122 160 160
0439_0103_0035_0263_0263.jpg 1 103 35 263 263
0440_0225_0116_0088_0088.jpg 1 225 116 88 88
0441_0303_0106_0063_0063.jpg 1 303 106 63 63
0442_0116_0113_0138_0138.jpg 1 116 113 138 138
0443_0443_1359_0139_0139.jpg 1 443 1359 139 139
0444_0277_0074_0234_0234.jpg 1 277 74 234 234
0445_0720_0547_0112_0112.jpg 1 720 547 112 112
0446_0534_1225_0177_0177.jpg 1 534 1225 177 177
0447_0240_0076_0252_0252.jpg 1 240 76 252 252
0448_0563_0390_0072_0072.jpg 1 563 390 72 72
0449_0064_0178_0111_0111.jpg 1 64 178 111 111
0450_0292_0211_0103_0103.jpg 1 292 211 103 103
0451_0302_0149_0199_0199.jpg 1 302 149 199 199
0452_0289_1321_0081_0081.jpg 1 289 1321 81 81
0453_0452_0720_0145_0145.jpg 1 452 720 145 145
0454_0314_0058_0218_0218.jpg 1 314 58 218 218
0455_0062_0109_0086_0086.jpg 1 62 109 86 86
0456_0149_0153_0162_0162.jpg 1 149 153 162 162
0457_0188_0031_0199_0199.jpg 1 188 31 199 199
0458_0321_0143_0240_0240.jpg 1 321 143 240 240
0459_0842_1183_0037_0037.jpg 1 842 1183 37 37
0460_0377_1426_0221_0221.jpg 1 377 1426 221 221
0461_0334_0114_0262_0262.jpg 1 334 114 262 262
0462_0201_0068_0207_0207.jpg 1 201 68 207 207
0463_0310_0150_0176_0176.jpg 1 310 150 176 176
0464_0333_0196_0060_0060.jpg 1 333 196 60 60
0465_0100_0114_0248_0248.jpg 1 100 114 248 248
0466_0407_0111_0174_0174.jpg 1 407 111 174 174
0467_0219_0216_0086_0086.jpg 1 219 216 86 86
0468_0091_0018_0221_0221.jpg 1 91 18 221 221
0469_0362_0141_0232_0232.jpg 1 362 141 232 232
0470_0297_0275_0085_0085.jpg 1 297 275 85 85
0471_0302_0086_0148_0148.jpg 1 302 86 148 148
0472_0183_0209_0107_0107.jpg 1 183 209 107 107
0473_0350_0133_0197_0197.jpg 1 350 133 197 197
0474_0187_0031_0247_0247.jpg 1 187 31 247 247
0475_0204_1126_0196_0196.jpg 1 204 1126 196 196
0476_0351_0081_0124_0124.jpg 1 351 81 124 124
0477_0163_0131_0126_0126.jpg 1 163 131 126 126
0478_0116_0019_0271_0271.jpg 1 116 19 271 271
0479_0218_0118_0242_0242.jpg 1 218 118 242 242
0480_0238_0043_0086_0086.jpg 1 238 43 86 86
0481_0166_0123_0066_0066.jpg 1 166 123 66 66
0482_0274_0106_0240_0240.jpg 1 274 106 240 240
0483_0172_0029_0178_0178.jpg 1 172 29 178 178
0484_0289_0145_0048_0048.jpg 1 289 145 48 48
0485_0749_1495_0225_0225.jpg 1 749 1495 225 225
0486_0160_0054_0254_0254.jpg 1 160 54 254 254
0487_0520_1107_0124_0124.jpg 1 520 1107 124 124
0488_0441_0210_0143_0143.jpg 1 441 210 143 143
0489_0127_0092_0235_0235.jpg 1 127 92 235 235
0490_0074_0084_0143_0143.jpg 1 74 84 143 143
0491_0155_0120_0246_0246.jpg 1 155 120 246 246
0492_0163_0166_0042_0042.jpg 1 163 166 42 42
0493_0310_0257_0112_0112.jpg 1 310 257 112 112
0494_0121_0077_0248_0248.jpg 1 121 77 248 248
0495_0309_0044_0044_0044.jpg 1 309 44 44 44
0496_0756_0386_0085_0085.jpg 1 756 386 85 85
0497_0370_0052_0083_0083.jpg 1 370 52 83 83
0498_0202_0094_0227_0227.jpg 1 202 94 227 227
0499_0440_1119_0202_0202.jpg 1 440 1119 202 202
0500_0529_0900_0137_0137.jpg 1 529 900 137 137
0501_0353_0348_0218_0218.jpg 1 353 348 218 218
0502_0377_0063_0208_0208.jpg 1 377 63 208 208
0503_0840_1042_0067_0067.jpg 1 840 1042 67 67
0504_0372_0302_0038_0038.jpg 1 372 302 38 38
0505_0302_0148_0150_0150.jpg 1 302 148 150 150
0506_0372_0059_0178_0178.jpg 1 372 59 178 178
0507_0070_0115_0181_0181.jpg 1 70 115 181 181
0508_0126_0825_0082_0082.jpg 1 126 825 82 82
0509_0267_0820_0274_0274.jpg 1 267 820 274 274
0510_0175_0105_0102_0102.jpg 1 175 105 102 102
0511_0414_0315_0167_0167.jpg 1 414 315 167 167
0512_0364_0196_0120_0120.jpg 1 364 196 120 120
0513_0205_0152_0106_0106.jpg 1 205 152 106 106
0514_0373_0083_0096_0096.jpg 1 373 83 96 96
0515_0477_0636_0136_0136.jpg 1 477 636 136 136
0516_0345_0427_0224_0224.jpg 1 345 427 224 224
0517_0225_0111_0070_0070.jpg 1 225 111 70 70
0518_0431_0255_0068_0068.jpg 1 431 255 68 68
0519_0198_0186_0111_0111.jpg 1 198 186 111 111
0520_0360_0177_0191_0191.jpg 1 360 177 191 191
0521_0316_0140_0221_0221.jpg 1 316 140 221 221
0522_0325_0141_0155_0155.jpg 1 325 141 155 155
0523_0340_0051_0156_0156.jpg 1 340 51 156 156
0524_0075_0061_0150_0150.jpg 1 75 61 150 150
0525_0616_0747_0099_0099.jpg 1 616 747 99 99
0526_0291_0802_0043_0043.jpg 1 291 802 43 43
0527_0456_0413_0176_0176.jpg 1 456 413 176 176
0528_0159_0159_0200_0200.jpg 1 159 159 200 200
0529_0121_0390_0226_0226.jpg 1 121 390 226 226
0530_0330_0349_0114_0114.jpg 1 330 349 114 114
0531_0378_0276_0037_0037.jpg 1 378 276 37 37
0532_0123_0227_0025_0025.jpg 1 123 227 25 25
0533_0103_0030_0172_0172.jpg 1 103 30 172 172
0534_0116_0157_0190_0190.jpg 1 116 157 190 190
0535_0608_0215_0272_0272.jpg 1 608 215 272 272
0536_0219_0145_0188_0188.jpg 1 219 145 188 188
0537_0271_0104_0189_0189.jpg 1 271 104 189 189
0538_0191_0228_0020_0020.jpg 1 191 228 20 20
0539_0360_0115_0146_0146.jpg 1 360 115 146 146
0540_0462_0110_0088_0088.jpg 1 462 110 88 88
0541_0241_0120_0166_0166.jpg 1 241 120 166 166
0542_0250_0124_0243_0243.jpg 1 250 124 243 243
0543_0251_0099_0247_0247.jpg 1 251 99 247 247
0544_0186_0056_0110_0110.jpg 1 186 56 110 110
0545_0338_0089_0231_0231.jpg 1 338 89 231 231
0546_0266_0805_0177_0177.jpg 1 266 805 177 177
0547_0178_0267_0083_0083.jpg 1 178 267 83 83
0548_0748_0888_0057_0057.jpg 1 748 888 57 57
0549_0411_0075_0163_0163.jpg 1 411 75 163 163
0550_0115_0059_0120_0120.jpg 1 115 59 120 120
0551_0076_0114_0140_0140.jpg 1 76 114 140 140
0552_0074_0165_0100_0100.jpg 1 74 165 100 100
0553_0315_0041_0234_0234.jpg 1 315 41 234 234
0554_0212_1181_0165_0165.jpg 1 212 1181 165 165
0555_0121_0030_0263_0263.jpg 1 121 30 263 263
0556_0119_0210_0070_0070.jpg 1 119 210 70 70
0557_0301_1527_0025_0025.jpg 1 301 1527 25 25
0558_0425_0037_0031_0031.jpg 1 425 37 31 31
0559_0497_0186_0058_0058.jpg 1 497 186 58 58
0560_0387_0039_0030_0030.jpg 1 387 39 30 30
0561_0324_0026_0273_0273.jpg 1 324 26 273 273
0562_0261_0232_0119_0119.jpg 1 261 232 119 119
0563_0135_0070_0270_0270.jpg 1 135 70 270 270
0564_0503_0129_0024_0024.jpg 1 503 129 24 24
0565_0074_0043_0033_0033.jpg 1 74 43 33 33
0566_0058_0173_0155_0155.jpg 1 58 173 155 155
0567_0152_0133_0043_0043.jpg 1 152 133 43 43
0568_0420_0086_0055_0055.jpg 1 420 86 55 55
0569_0141_0247_0106_0106.jpg 1 141 247 106 106
0570_0221_1263_0110_0110.jpg 1 221 1263 110 110
0571_0338_0510_0143_0143.jpg 1 338 510 143 143
0572_0270_0133_0182_0182.jpg 1 270 133 182 182
0573_0082_0124_0200_0200.jpg 1 82 124 200 200
0574_0307_0491_0186_0186.jpg 1 307 491 186 186
0575_0222_0030_0233_0233.jpg 1 222 30 233 233
0576_0115_0098_0269_0269.jpg 1 115 98 269 269
0577_0329_0043_0258_0258.jpg 1 329 43 258 258
0578_0197_0245_0091_0091.jpg 1 197 245 91 91
0579_0574_1326_0269_0269.jpg 1 574 1326 269 269
0580_0294_0130_0067_0067.jpg 1 294 130 67 67
0581_0283_1178_0075_0075.jpg 1 283 1178 75 75
0582_0269_0062_0228_0228.jpg 1 269 62 228 228
0583_0341_0060_0206_0206.jpg 1 341 60 206 206
0584_0360_0894_0240_0240.jpg 1 360 894 240 240
0585_0101_0060_0222_0222.jpg 1 101 60 222 222
0586_0530_1200_0206_0206.jpg 1 530 1200 206 206
0587_0326_0083_0257_0257.jpg 1 326 83 257 257
0588_0213_0040_0236_0236.jpg 1 213 40 236 236
0589_0317_1372_0228_0228.jpg 1 317 1372 228 228
0590_0125_0040_0168_0168.jpg 1 125 40 168 168
0591_0085_0057_0190_0190.jpg 1 85 57 190 190
0592_0240_0022_0177_0177.jpg 1 240 22 177 177
0593_0139_1192_0125_0125.jpg 1 139 1192 125 125
0594_0312_0308_0056_0056.jpg 1 312 308 56 56
0595_0393_0159_0064_0064.jpg 1 393 159 64 64
0596_0194_0139_0036_0036.jpg 1 194 139 36 36
0597_0460_1370_0063_0063.jpg 1 460 1370 63 63
0598_0174_0232_0059_0059.jpg 1 174 232 59 59
0599_0404_0080_0093_0093.jpg 1 404 80 93 93
0600_0277_0116_0179_0179.jpg 1 277 116 179 179
0601_0069_0046_0141_0141.jpg 1 69 46 141 141
0602_0223_1231_0067_0067.jpg 1 223 1231 67 67
0603_0135_0037_0185_0185.jpg 1 135 37 185 185
0604_0603_0466_0107_0107.jpg 1 603 466 107 107
0605_0059_0164_0158_0158.jpg 1 59 164 158 158
0606_0428_0083_0039_0039.jpg 1 428 83 39 39
0607_0333_0029_0222_0222.jpg 1 333 29 222 222
0608_0448_0114_0067_0067.jpg 1 448 114 67 67
0609_0085_0147_0102_0102.jpg 1 85 147 102 102
0610_0572_0512_0064_0064.jpg 1 572 512 64 64
0611_0230_0165_0131_0131.jpg 1 230 165 131 131
0612_0159_0019_0269_0269.jpg 1 159 19 269 269
0613_0315_0036_0088_0088.jpg 1 315 36 88 88
0614_0112_0853_0208_0208.jpg 1 112 853 208 208
0615_0275_0235_0102_0102.jpg 1 275 235 102 102
0616_0240_0212_0140_0140.jpg 1 240 212 140 140
0617_0151_0064_0240_0240.jpg 1 151 64 240 240
0618_0457_0240_0099_0099.jpg 1 457 240 99 99
0619_0334_0064_0043_0043.jpg 1 334 64 43 43
0620_0095_0106_0206_0206.jpg 1 95 106 206 206
0621_0331_1386_0142_0142.jpg 1 331 1386 142 142
0622_0290_0118_0241_0241.jpg 1 290 118 241 241
0623_0063_0047_0081_0081.jpg 1 63 47 81 81
0624_0387_0206_0140_0140.jpg 1 387 206 140 140
0625_0736_1047_0247_0247.jpg 1 736 1047 247 247
0626_0592_0929_0087_0087.jpg 1 592 929 87 87
0627_0169_0186_0165_0165.jpg 1 169 186 165 165
0628_0315_0131_0077_0077.jpg 1 315 131 77 77
0629_0663_0201_0245_0245.jpg 1 663 201 245 245
0630_0309_0096_0215_0215.jpg 1 309 96 215 215
0631_0439_1211_0049_0049.jpg 1 439 1211 49 49
0632_0182_1109_0143_0143.jpg 1 182 1109 143 143
0633_0084_0210_0112_0112.jpg 1 84 210 112 112
0634_0307_0042_0255_0255.jpg 1 307 42 255 255
0635_0289_0065_0261_0261.jpg 1 289 65 261 261
0636_0191_0104_0130_0130.jpg 1 191 104 130 130
0637_0100_0038_0263_0263.jpg 1 100 38 263 263
0638_0091_0034_0248_0248.jpg 1 91 34 248 248
0639_0218_0147_0171_0171.jpg 1 218 147 171 171
0640_0335_0017_0261_0261.jpg 1 335 17 261 261
0641_0234_0035_0185_0185.jpg 1 234 35 185 185
0642_0043_0150_0221_0221.jpg 1 43 150 221 221
0643_0248_0084_0120_0120.jpg 1 248 84 120 120
0644_0243_0805_0201_0201.jpg 1 243 805 201 201
0645_0206_0256_0021_0021.jpg 1 206 256 21 21
0646_0290_0722_0232_0232.jpg 1 290 722 232 232
0647_0296_0206_0152_0152.jpg 1 296 206 152 152
0648_0252_0265_0252_0252.jpg 1 252 265 252 252
0649_0299_0180_0166_0166.jpg 1 299 180 166 166
0650_0122_0200_0088_0088.jpg 1 122 200 88 88
0651_0219_1493_0231_0231.jpg 1 219 1493 231 231
0652_0693_0917_0125_0125.jpg 1 693 917 125 125
0653_0501_0267_0036_0036.jpg 1 501 267 36 36
0654_0532_1633_0067_0067.jpg 1 532 1633 67 67
0655_0319_0157_0205_0205.jpg 1 319 157 205 205
0656_0264_0938_0163_0163.jpg 1 264 938 163 163
0657_0393_0137_0172_0172.jpg 1 393 137 172 172
0658_0430_0097_0102_0102.jpg 1 430 97 102 102
0659_0156_0107_0127_0127.jpg 1 156 107 127 127
0660_0205_0061_0218_0218.jpg 1 205 61 218 218
0661_0061_0188_0120_0120.jpg 1 61 188 120 120
0662_0455_0226_0097_0097.jpg 1 455 226 97 97
0663_0297_0143_0119_0119.jpg 1 297 143 119 119
0664_0171_1269_0157_0157.jpg 1 171 1269 157 157
0665_0621_1105_0046_0046.jpg 1 621 1105 46 46
0666_0049_0100_0202_0202.jpg 1 49 100 202 202
0667_0328_0063_0036_0036.jpg 1 328 63 36 36
0668_0236_0040_0271_0271.jpg 1 236 40 271 271
0669_0207_0101_0239_0239.jpg 1 207 101 239 239
0670_0167_0062_0217_0217.jpg 1 167 62 217 217
0671_0262_0023_0244_0244.jpg 1 262 23 244 244
0672_0551_0180_0026_0026.jpg 1 551 180 26 26
0673_0321_0268_0070_0070.jpg 1 321 268 70 70
0674_0064_0129_0096_0096.jpg 1 64 129 96 96
0675_0724_1533_0196_0196.jpg 1 724 1533 196 196
0676_0320_0150_0023_0023.jpg 1 320 150 23 23
0677_0122_1169_0056_0056.jpg 1 122 1169 56 56
0678_0737_0619_0086_0086.jpg 1 737 619 86 86
0679_0232_0050_0191_0191.jpg 1 232 50 191 191
0680_0188_0029_0104_0104.jpg 1 188 29 104 104
0681_0153_0052_0267_0267.jpg 1 153 52 267 267
0682_0700_0770_0062_0062.jpg 1 700 770 62 62
0683_0371_0080_0141_0141.jpg 1 371 80 141 141
0684_0080_0263_0094_0094.jpg 1 80 263 94 94
0685_0241_0140_0226_0226.jpg 1 241 140 226 226
0686_0606_1294_0268_0268.jpg 1 606 1294 268 268
0687_0302_0884_0115_0115.jpg 1 302 884 115 115
0688_0312_0091_0184_0184.jpg 1 312 91 184 184
0689_0078_0171_0132_0132.jpg 1 78 171 132 132
0690_0223_0753_0097_0097.jpg 1 223 753 97 97
0691_0346_0924_0249_0249.jpg 1 346 924 249 249
0692_0225_0053_0188_0188.jpg 1 225 53 188 188
0693_0163_0135_0123_0123.jpg 1 163 135 123 123
0694_0385_0180_0140_0140.jpg 1 385 180 140 140
0695_0392_0254_0044_0044.jpg 1 392 254 44 44
0696_0373_0141_0211_0211.jpg 1 373 141 211 211
0697_0159_0099_0085_0085.jpg 1 159 99 85 85
0698_0275_0200_0153_0153.jpg 1 275 200 153 153
0699_0103_0096_0250_0250.jpg 1 103 96 250 250
0700_0180_0129_0242_0242.jpg 1 180 129 242 242
0701_0447_0289_0027_0027.jpg 1 447 289 27 27
0702_0250_0097_0182_0182.jpg 1 250 97 182 182
0703_0486_0536_0021_0021.jpg 1 486 536 21 21
0704_0214_0144_0068_0068.jpg 1 214 144 68 68
0705_0706_0576_0274_0274.jpg 1 706 576 274 274
0706_0379_0125_0164_0164.jpg 1 379 125 164 164
0707_0175_0198_0112_0112.jpg 1 175 198 112 112
0708_0486_1535_0132_0132.jpg 1 486 1535 132 132
0709_0153_0203_0056_0056.jpg 1 153 203 56 56
0710_0330_0063_0198_0198.jpg 1 330 63 198 198
0711_0079_0040_0242_0242.jpg 1 79 40 242 242
0712_0300_0108_0156_0156.jpg 1 300 108 156 156
0713_0091_0224_0068_0068.jpg 1 91 224 68 68
0714_0246_0199_0033_0033.jpg 1 246 199 33 33
0715_0059_0153_0110_0110.jpg 1 59 153 110 110
0716_0335_0201_0174_0174.jpg 1 335 201 174 174
0717_0351_0037_0159_0159.jpg 1 351 37 159 159
0718_0140_0183_0160_0160.jpg 1 140 183 160 160
0719_0439_0055_0031_0031.jpg 1 439 55 31 31
0720_0271_0020_0279_0279.jpg 1 271 20 279 279
0721_0084_0202_0084_0084.jpg 1 84 202 84 84
0722_0234_1534_0167_0167.jpg 1 234 1534 167 167
0723_0651_1117_0083_0083.jpg 1 651 1117 83 83
0724_0286_0148_0083_0083.jpg 1 286 148 83 83
0725_0377_0452_0237_0237.jpg 1 377 452 237 237
0726_0111_0112_0123_0123.jpg 1 111 112 123 123
0727_0224_0090_0205_0205.jpg 1 224 90 205 205
0728_0231_0032_0144_0144.jpg 1 231 32 144 144
0729_0194_1484_0197_0197.jpg 1 194 1484 197 197
0730_0331_1085_0204_0204.jpg 1 331 1085 204 204
0731_0094_0102_0259_0259.jpg 1 94 102 259 259
0732_0299_0152_0072_0072.jpg 1 299 152 72 72
0733_0196_0073_0274_0274.jpg 1 196 73 274 274
0734_0066_0070_0258_0258.jpg 1 66 70 258 258
0735_0100_0220_0196_0196.jpg 1 100 220 196 196
0736_0070_0178_0115_0115.jpg 1 70 178 115 115
0737_0107_0103_0256_0256.jpg 1 107 103 256 256
0738_0172_0240_0123_0123.jpg 1 172 240 123 123
0739_0336_0070_0161_0161.jpg 1 336 70 161 161
0740_0156_0029_0123_0123.jpg 1 156 29 123 123
0741_0718_0815_0080_0080.jpg 1 718 815 80 80
0742_0169_0849_0267_0267.jpg 1 169 849 267 267
0743_0157_0082_0115_0115.jpg 1 157 82 115 115
0744_0285_0288_0071_0071.jpg 1 285 288 71 71
0745_0205_0058_0070_0070.jpg 1 205 58 70 70
0746_0204_0038_0220_0220.jpg 1 204 38 220 220
0747_0445_0050_0132_0132.jpg 1 445 50 132 132
0748_0162_0911_0211_0211.jpg 1 162 911 211 211
0749_0120_0082_0154_0154.jpg 1 120 82 154 154
0750_0300_0085_0240_0240.jpg 1 300 85 240 240
0751_0215_0093_0219_0219.jpg 1 215 93 219 219
0752_0312_0175_0110_0110.jpg 1 312 175 110 110
0753_0273_0038_0035_0035.jpg 1 273 38 35 35
0754_0089_0029_0245_0245.jpg 1 89 29 245 245
0755_0160_0126_0202_0202.jpg 1 160 126 202 202
0756_0169_0096_0078_0078.jpg 1 169 96 78 78
0757_0383_0173_0152_0152.jpg 1 383 173 152 152
0758_0588_0706_0199_0199.jpg 1 588 706 199 199
0759_0543_1495_0161_0161.jpg 1 543 1495 161 161
0760_0502_0368_0242_0242.jpg 1 502 368 242 242
0761_0360_0040_0225_0225.jpg 1 360 40 225 225
0762_0387_0034_0184_0184.jpg 1 387 34 184 184
0763_0124_0097_0198_0198.jpg 1 124 97 198 198
0764_0223_0040_0238_0238.jpg 1 223 40 238 238
0765_0405_0112_0163_0163.jpg 1 405 112 163 163
0766_0152_0070_0209_0209.jpg 1 152 70 209 209
0767_0103_0284_0030_0030.jpg 1 103 284 30 30
0768_0051_0067_0129_0129.jpg 1 51 67 129 129
0769_0094_0111_0020_0020.jpg 1 94 111 20 20
0770_0623_1438_0212_0212.jpg 1 623 1438 212 212
0771_0607_0510_0208_0208.jpg 1 607 510 208 208
0772_0087_0258_0065_0065.jpg 1 87 258 65 65
0773_0337_0160_0213_0213.jpg 1 337 160 213 213
0774_0597_0307_0042_0042.jpg 1 597 307 42 42
0775_0250_0062_0274_0274.jpg 1 250 62 274 274
0776_0210_0161_0148_0148.jpg 1 210 161 148 148
0777_0421_0228_0136_0136.jpg 1 421 228 136 136
0778_0489_0033_0079_0079.jpg 1 489 33 79 79
0779_0093_0114_0221_0221.jpg 1 93 114 221 221
0780_0322_0082_0075_0075.jpg 1 322 82 75 75
0781_0273_1336_0059_0059.jpg 1 273 1336 59 59
0782_0166_0305_0047_0047.jpg 1 166 305 47 47
0783_0309_0103_0209_0209.jpg 1 309 103 209 209
0784_0345_0176_0092_0092.jpg 1 345 176 92 92
0785_0340_0223_0068_0068.jpg 1 340 223 68 68
0786_0148_0039_0218_0218.jpg 1 148 39 218 218
0787_0094_0534_0239_0239.jpg 1 94 534 239 239
0788_0392_0207_0030_0030.jpg 1 392 207 30 30
0789_0397_0093_0047_0047.jpg 1 397 93 47 47
0790_0198_0027_0232_0232.jpg 1 198 27 232 232
0791_0211_0038_0241_0241.jpg 1 211 38 241 241
0792_0390_0140_0156_0156.jpg 1 390 140 156 156
0793_0377_0024_0172_0172.jpg 1 377 24 172 172
0794_0236_0132_0207_0207.jpg 1 236 132 207 207
0795_0418_1610_0116_0116.jpg 1 418 1610 116 116
0796_0077_0166_0040_0040.jpg 1 77 166 40 40
0797_0253_0081_0216_0216.jpg 1 253 81 216 216
0798_0409_0048_0141_0141.jpg 1 409 48 141 141
0799_0267_0174_0062_0062.jpg 1 267 174 62 62
0800_0207_0600_0093_0093.jpg 1 207 600 93 93
0801_0492_0222_0052_0052.jpg 1 492 222 52 52
0802_0145_0123_0146_0146.jpg 1 145 123 146 146
0803_0288_0033_0103_0103.jpg 1 288 33 103 103
0804_0207_0059_0216_0216.jpg 1 207 59 216 216
0805_0068_0095_0250_0250.jpg 1 68 95 250 250
0806_0326_0078_0137_0137.jpg 1 326 78 137 137
0807_0615_0529_0173_0173.jpg 1 615 529 173 173
0808_0268_0038_0119_0119.jpg 1 268 38 119 119
0809_0622_0991_0274_0274.jpg 1 622 991 274 274
0810_0150_0083_0272_0272.jpg 1 150 83 272 272
0811_0248_0055_0215_0215.jpg 1 248 55 215 215
0812_0328_0113_0248_0248.jpg 1 328 113 248 248
0813_0248_0100_0232_0232.jpg 1 248 100 232 232
0814_0765_0256_0047_0047.jpg 1 765 256 47 47
0815_0076_0047_0153_0153.jpg 1 76 47 153 153
0816_0380_0066_0156_0156.jpg 1 380 66 156 156
0817_0065_0154_0186_0186.jpg 1 65 154 186 186
0818_0097_0037_0247_0247.jpg 1 97 37 247 247
0819_0366_0025_0189_0189.jpg 1 366 25 189 189
0820_0254_0142_0076_0076.jpg 1 254 142 76 76
0821_0359_0377_0101_0101.jpg 1 359 377 101 101
0822_0541_1530_0139_0139.jpg 1 541 1530 139 139
0823_0149_0142_0123_0123.jpg 1 149 142 123 123
0824_0245_0180_0078_0078.jpg 1 245 180 78 78
0825_0456_0528_0046_0046.jpg 1 456 528 46 46
0826_0402_1281_0107_0107.jpg 1 402 1281 107 107
0827_0174_0058_0244_0244.jpg 1 174 58 244 244
0828_0435_0295_0030_0030.jpg 1 435 295 30 30
0829_0334_0130_0147_0147.jpg 1 334 130 147 147
0830_0237_1189_0099_0099.jpg 1 237 1189 99 99
0831_0230_0163_0162_0162.jpg 1 230 163 162 162
0832_0083_0053_0228_0228.jpg 1 83 53 228 228
0833_0381_1129_0279_0279.jpg 1 381 1129 279 279
0834_0301_0991_0202_0202.jpg 1 301 991 202 202
0835_0324_0261_0068_0068.jpg 1 324 261 68 68
0836_0228_0028_0169_0169.jpg 1 228 28 169 169
0837_0056_0136_0232_0232.jpg 1 56 136 232 232
0838_0194_0040_0133_0133.jpg 1 194 40 133 133
0839_0280_0044_0265_0265.jpg 1 280 44 265 265
0840_0610_1587_0062_0062.jpg 1 610 1587 62 62
0841_0340_0199_0174_0174.jpg 1 340 199 174 174
0842_0214_0834_0181_0181.jpg 1 214 834 181 181
0843_0176_0084_0186_0186.jpg 1 176 84 186 186
0844_0140_0103_0275_0275.jpg 1 140 103 275 275
0845_0128_0152_0193_0193.jpg 1 128 152 193 193
0846_0814_0280_0151_0151.jpg 1 814 280 151 151
0847_0067_0103_0170_0170.jpg 1 67 103 170 170
0848_0057_0146_0215_0215.jpg 1 57 146 215 215
0849_0094_0034_0244_0244.jpg 1 94 34 244 244
0850_0440_0090_0147_0147.jpg 1 440 90 147 147
0851_0281_0034_0215_0215.jpg 1 281 34 215 215
0852_0085_0194_0250_0250.jpg 1 85 194 250 250
0853_0224_0495_0265_0265.jpg 1 224 495 265 265
0854_0322_0426_0116_0116.jpg 1 322 426 116 116
0855_0269_0173_0188_0188.jpg 1 269 173 188 188
0856_0158_0152_0186_0186.jpg 1 158 152 186 186
0857_0176_1540_0184_0184.jpg 1 176 1540 184 184
0858_0268_0147_0169_0169.jpg 1 268 147 169 169
0859_0326_0061_0224_0224.jpg 1 326 61 224 224
0860_0461_0039_0035_0035.jpg 1 461 39 35 35
0861_0252_0026_0195_0195.jpg 1 252 26 195 195
0862_0214_0056_0040_0040.jpg 1 214 56 40 40
0863_0337_0114_0249_0249.jpg 1 337 114 249 249
0864_0184_0562_0242_0242.jpg 1 184 562 242 242
0865_0160_0139_0187_0187.jpg 1 160 139 187 187
0866_0109_0130_0065_0065.jpg 1 109 130 65 65
0867_0159_0127_0155_0155.jpg 1 159 127 155 155
0868_0437_0175_0051_0051.jpg 1 437 175 51 51
0869_0345_0161_0051_0051.jpg 1 345 161 51 51
0870_0088_0045_0178_0178.jpg 1 88 45 178 178
0871_0326_0318_0023_0023.jpg 1 326 318 23 23
0872_0085_0057_0153_0153.jpg 1 85 57 153 153
0873_0319_0177_0147_0147.jpg 1 319 177 147 147
0874_0377_0170_0181_0181.jpg 1 377 170 181 181
0875_0308_0112_0267_0267.jpg 1 308 112 267 267
0876_0109_0366_0244_0244.jpg 1 109 366 244 244
0877_0367_0109_0033_0033.jpg 1 367 109 33 33
0878_0214_0127_0230_0230.jpg 1 214 127 230 230
0879_0472_0103_0096_0096.jpg 1 472 103 96 96
0880_0361_0055_0206_0206.jpg 1 361 55 206 206
0881_0125_0149_0158_0158.jpg 1 125 149 158 158
0882_0231_0126_0163_0163.jpg 1 231 126 163 163
0883_0155_0155_0131_0131.jpg 1 155 155 131 131
0884_0194_0067_0099_0099.jpg 1 194 67 99 99
0885_0490_0231_0082_0082.jpg 1 490 231 82 82
0886_0114_0185_0115_0115.jpg 1 114 185 115 115
0887_0351_0089_0240_0240.jpg 1 351 89 240 240
0888_0355_0182_0133_0133.jpg 1 355 182 133 133
0889_0261_0066_0191_0191.jpg 1 261 66 191 191
0890_0470_0140_0091_0091.jpg 1 470 140 91 91
0891_0423_0059_0127_0127.jpg 1 423 59 127 127
0892_0338_0079_0142_0142.jpg 1 338 79 142 142
0893_0528_0657_0275_0275.jpg 1 528 657 275 275
0894_0442_0118_0133_0133.jpg 1 442 118 133 133
0895_0378_0079_0149_0149.jpg 1 378 79 149 149
0896_0299_0043_0144_0144.jpg 1 299 43 144 144
0897_0840_1481_0050_0050.jpg 1 840 1481 50 50
0898_0237_0108_0207_0207.jpg 1 237 108 207 207
0899_0415_0197_0163_0163.jpg 1 415 197 163 163
0900_0397_0296_0027_0027.jpg 1 397 296 27 27
0901_0705_0958_0177_0177.jpg 1 705 958 177 177
0902_0234_0131_0108_0108.jpg 1 234 131 108 108
0903_0138_0039_0183_0183.jpg 1 138 39 183 183
0904_0617_0954_0113_0113.jpg 1 617 954 113 113
0905_0101_0194_0172_0172.jpg 1 101 194 172 172
0906_0825_1103_0090_0090.jpg 1 825 1103 90 90
0907_0365_0171_0035_0035.jpg 1 365 171 35 35
0908_0298_0239_0125_0125.jpg 1 298 239 125 125
0909_0724_0841_0070_0070.jpg 1 724 841 70 70
0910_0296_0056_0092_0092.jpg 1 296 56 92 92
0911_0127_0089_0221_0221.jpg 1 127 89 221 221
0912_0162_0079_0117_0117.jpg 1 162 79 117 117
0913_0248_0210_0142_0142.jpg 1 248 210 142 142
0914_0155_0142_0154_0154.jpg 1 155 142 154 154
0915_0153_0192_0077_0077.jpg 1 153 192 77 77
0916_0527_1060_0023_0023.jpg 1 527 1060 23 23
0917_0280_0885_0066_0066.jpg 1 280 885 66 66
0918_0237_0038_0252_0252.jpg 1 237 38 252 252
0919_0238_0282_0079_0079.jpg 1 238 282 79 79
0920_0269_0178_0188_0188.jpg 1 269 178 188 188
0921_0117_0157_0080_0080.jpg 1 117 157 80 80
0922_0419_0303_0055_0055.jpg 1 419 303 55 55
0923_0280_0267_0101_0101.jpg 1 280 267 101 101
0924_0060_0038_0273_0273.jpg 1 60 38 273 273
0925_0373_0178_0093_0093.jpg 1 373 178 93 93
0926_0211_0249_0105_0105.jpg 1 211 249 105 105
0927_0301_0105_0241_0241.jpg 1 301 105 241 241
0928_0442_0252_0059_0059.jpg 1 442 252 59 59
0929_0143_0113_0064_0064.jpg 1 143 113 64 64
0930_0302_0284_0062_0062.jpg 1 302 284 62 62
0931_0108_0066_0025_0025.jpg 1 108 66 25 25
0932_0396_0150_0069_0069.jpg 1 396 150 69 69
0933_0137_1420_0248_0248.jpg 1 137 1420 248 248
0934_0212_0220_0141_0141.jpg 1 212 220 141 141
0935_0558_0997_0022_0022.jpg 1 558 997 22 22
0936_0170_0142_0151_0151.jpg 1 170 142 151 151
0937_0214_0147_0220_0220.jpg 1 214 147 220 220
0938_0154_0186_0029_0029.jpg 1 154 186 29 29
0939_0041_0102_0250_0250.jpg 1 41 102 250 250
0940_0092_0116_0045_0045.jpg 1 92 116 45 45
0941_0197_0099_0215_0215.jpg 1 197 99 215 215
0942_0063_0117_0135_0135.jpg 1 63 117 135 135
0943_0480_1245_0260_0260.jpg 1 480 1245 260 260
0944_0181_0275_0062_0062.jpg 1 181 275 62 62
0945_0156_0058_0266_0266.jpg 1 156 58 266 266
0946_0287_0090_0166_0166.jpg 1 287 90 166 166
0947_0131_0147_0064_0064.jpg 1 131 147 64 64
0948_0397_0243_0070_0070.jpg 1 397 243 70 70
0949_0615_1344_0204_0204.jpg 1 615 1344 204 204
0950_0387_0104_0113_0113.jpg 1 387 104 113 113
0951_0434_0084_0059_0059.jpg 1 434 84 59 59
0952_0361_0041_0027_0027.jpg 1 361 41 27 27
0953_0142_0138_0196_0196.jpg 1 142 138 196 196
0954_0503_0476_0146_0146.jpg 1 503 476 146 146
0955_0254_0039_0274_0274.jpg 1 254 39 274 274
0956_0377_0100_0104_0104.jpg 1 377 100 104 104
0957_0478_0723_0277_0277.jpg 1 478 723 277 277
0958_0173_0228_0048_0048.jpg 1 173 228 48 48
0959_0191_0169_0168_0168.jpg 1 191 169 168 168
0960_0464_1548_0080_0080.jpg 1 464 1548 80 80
0961_0662_1017_0045_0045.jpg 1 662 1017 45 45
0962_0445_1326_0214_0214.jpg 1 445 1326 214 214
0963_0176_1221_0274_0274.jpg 1 176 1221 274 274
0964_0154_0039_0279_0279.jpg 1 154 39 279 279
0965_0069_0028_0157_0157.jpg 1 69 28 157 157
0966_0066_0045_0262_0262.jpg 1 66 45 262 262
0967_0223_0165_0046_0046.jpg 1 223 165 46 46
0968_0367_0116_0049_0049.jpg 1 367 116 49 49
0969_0386_0206_0062_0062.jpg 1 386 206 62 62
0970_0296_0044_0164_0164.jpg 1 296 44 164 164
0971_0232_0101_0205_0205.jpg 1 232 101 205 205
0972_0748_1113_0073_0073.jpg 1 748 1113 73 73
0973_0185_0089_0223_0223.jpg 1 185 89 223 223
0974_0158_1225_0270_0270.jpg 1 158 1225 270 270
0975_0318_1484_0033_0033.jpg 1 318 1484 33 33
0976_0066_0154_0186_0186.jpg 1 66 154 186 186
0977_0451_0075_0099_0099.jpg 1 451 75 99 99
0978_0140_0128_0093_0093.jpg 1 140 128 93 93
0979_0353_0083_0216_0216.jpg 1 353 83 216 216
0980_0590_1126_0159_0159.jpg 1 590 1126 159 159
0981_0284_0192_0067_0067.jpg 1 284 192 67 67
0982_0419_0108_0160_0160.jpg 1 419 108 160 160
0983_0439_0063_0137_0137.jpg 1 439 63 137 137
0984_0496_0183_0194_0194.jpg 1 496 183 194 194
0985_0242_0195_0156_0156.jpg 1 242 195 156 156
0986_0306_0111_0257_0257.jpg 1 306 111 257 257
0987_0293_0085_0247_0247.jpg 1 293 85 247 247
0988_0326_0193_0129_0129.jpg 1 326 193 129 129
0989_0388_0204_0162_0162.jpg 1 388 204 162 162
0990_0140_0093_0237_0237.jpg 1 140 93 237 237
0991_0393_0066_0116_0116.jpg 1 393 66 116 116
0992_0500_0979_0217_0217.jpg 1 500 979 217 217
0993_0214_0219_0118_0118.jpg 1 214 219 118 118
0994_0193_0110_0213_0213.jpg 1 193 110 213 213
0995_0353_0176_0081_0081.jpg 1 353 176 81 81
0996_0481_0231_0088_0088.jpg 1 481 231 88 88
0997_0250_0050_0242_0242.jpg 1 250 50 242 242
0998_0565_1016_0234_0234.jpg 1 565 1016 234 234
0999_0325_0023_0245_0245.jpg 1 325 23 245 245
1000_0106_0140_0188_0188.jpg 1 106 140 188 188
1001_0362_0102_0204_0204.jpg 1 362 102 204 204
1002_0450_1320_0200_0200.jpg 1 450 1320 200 200
1003_0180_1008_0084_0084.jpg 1 180 1008 84 84
1004_0328_0156_0118_0118.jpg 1 328 156 118 118
1005_0483_0708_0210_0210.jpg 1 483 708 210 210
1006_0050_0105_0249_0249.jpg 1 50 105 249 249
1007_0072_0147_0174_0174.jpg 1 72 147 174 174
1008_0086_0100_0262_0262.jpg 1 86 100 262 262
1009_0135_0095_0164_0164.jpg 1 135 95 164 164
1010_0471_0231_0215_0215.jpg 1 471 231 215 215
1011_0370_0809_0049_0049.jpg 1 370 809 49 49
1012_0332_0181_0077_0077.jpg 1 332 181 77 77
1013_0382_0105_0203_0203.jpg 1 382 105 203 203
1014_0245_0086_0277_0277.jpg 1 245 86 277 277
1015_0263_0066_0207_0207.jpg 1 263 66 207 207
1016_0178_0096_0167_0167.jpg 1 178 96 167 167
1017_0305_0180_0102_0102.jpg 1 305 180 102 102
1018_0325_0375_0198_0198.jpg 1 325 375 198 198
1019_0468_1287_0159_0159.jpg 1 468 1287 159 159
1020_0300_0028_0189_0189.jpg 1 300 28 189 189
1021_0124_0053_0062_0062.jpg 1 124 53 62 62
1022_0229_0053_0097_0097.jpg 1 229 53 97 97
1023_0367_0148_0212_0212.jpg 1 367 148 212 212
1024_0797_0400_0158_0158.jpg 1 797 400 158 158
1025_0751_1122_0047_0047.jpg 1 751 1122 47 47
1026_0143_0095_0274_0274.jpg 1 143 95 274 274
1027_0359_1224_0072_0072.jpg 1 359 1224 72 72
1028_0388_0027_0144_0144.jpg 1 388 27 144 144
1029_0222_0084_0044_0044.jpg 1 222 84 44 44
1030_0204_0070_0277_0277.jpg 1 204 70 277 277
1031_0311_0077_0116_0116.jpg 1 311 77 116 116
1032_0062_0184_0038_0038.jpg 1 62 184 38 38
1033_0299_0128_0225_0225.jpg 1 299 128 225 225
1034_0185_0084_0268_0268.jpg 1 185 84 268 268
1035_0191_0092_0076_0076.jpg 1 191 92 76 76
1036_0113_0249_0039_0039.jpg 1 113 249 39 39
1037_0139_0144_0055_0055.jpg 1 139 144 55 55
1038_0833_1387_0097_0097.jpg 1 833 1387 97 97
1039_0350_0088_0112_0112.jpg 1 350 88 112 112
1040_0262_0248_0040_0040.jpg 1 262 248 40 40
1041_0194_0135_0245_0245.jpg 1 194 135 245 245
1042_0166_0063_0163_0163.jpg 1 166 63 163 163
1043_0552_1398_0042_0042.jpg 1 552 1398 42 42
1044_0350_0048_0234_0234.jpg 1 350 48 234 234
1045_0372_1028_0172_0172.jpg 1 372 1028 172 172
1046_0302_0200_0173_0173.jpg 1 302 200 173 173
1047_0453_0171_0097_0097.jpg 1 453 171 97 97
1048_0429_0195_0162_0162.jpg 1 429 195 162 162
1049_0048_0085_0232_0232.jpg 1 48 85 232 232
1050_0405_0109_0035_0035.jpg 1 405 109 35 35
1051_0182_0067_0278_0278.jpg 1 182 67 278 278
1052_0042_0032_0277_0277.jpg 1 42 32 277 277
1053_0147_0115_0059_0059.jpg 1 147 115 59 59
1054_0371_0127_0207_0207.jpg 1 371 127 207 207
1055_0356_0070_0042_0042.jpg 1 356 70 42 42
1056_0184_0068_0194_0194.jpg 1 184 68 194 194
1057_0063_0065_0143_0143.jpg 1 63 65 143 143
1058_0136_0054_0094_0094.jpg 1 136 54 94 94
1059_0800_1436_0080_0080.jpg 1 800 1436 80 80
1060_0410_0278_0073_0073.jpg 1 410 278 73 73
1061_0303_0055_0132_0132.jpg 1 303 55 132 132
1062_0174_0223_0052_0052.jpg 1 174 223 52 52
1063_0280_0155_0185_0185.jpg 1 280 155 185 185
1064_0115_0190_0162_0162.jpg 1 115 190 162 162
1065_0350_0795_0126_0126.jpg 1 350 795 126 126
1066_0090_1278_0207_0207.jpg 1 90 1278 207 207
1067_0117_0035_0255_0255.jpg 1 117 35 255 255
1068_0550_1295_0135_0135.jpg 1 550 1295 135 135
1069_0163_0067_0130_0130.jpg 1 163 67 130 130
1070_0146_0102_0247_0247.jpg 1 146 102 247 247
1071_0438_0245_0044_0044.jpg 1 438 245 44 44
1072_0138_0139_0056_0056.jpg 1 138 139 56 56
1073_0144_0059_0136_0136.jpg 1 144 59 136 136
1074_0405_0258_0069_0069.jpg 1 405 258 69 69
1075_0157_0246_0028_0028.jpg 1 157 246 28 28
1076_0445_0733_0143_0143.jpg 1 445 733 143 143
1077_0224_0094_0031_0031.jpg 1 224 94 31 31
1078_0307_0163_0122_0122.jpg 1 307 163 122 122
1079_0320_0064_0266_0266.jpg 1 320 64 266 266
1080_0180_1126_0104_0104.jpg 1 180 1126 104 104
1081_0142_0262_0026_0026.jpg 1 142 262 26 26
1082_0170_0126_0090_0090.jpg 1 170 126 90 90
1083_0097_0135_0110_0110.jpg 1 97 135 110 110
1084_0320_0138_0124_0124.jpg 1 320 138 124 124
1085_0079_0194_0124_0124.jpg 1 79 194 124 124
1086_0263_0020_0278_0278.jpg 1 263 20 278 278
1087_0350_1522_0089_0089.jpg 1 350 1522 89 89
1088_0248_0336_0081_0081.jpg 1 248 336 81 81
1089_0796_0495_0028_0028.jpg 1 796 495 28 28
1090_0115_0028_0165_0165.jpg 1 115 28 165 165
1091_0269_0542_0031_0031.jpg 1 269 542 31 31
1092_0452_0105_0075_0075.jpg 1 452 105 75 75
1093_0266_0018_0251_0251.jpg 1 266 18 251 251
1094_0242_0064_0170_0170.jpg 1 242 64 170 170
1095_0297_0032_0179_0179.jpg 1 297 32 179 179
1096_0168_0084_0171_0171.jpg 1 168 84 171 171
1097_0053_0121_0253_0253.jpg 1 53 121 253 253
1098_0292_0190_0138_0138.jpg 1 292 190 138 138
1099_0069_0196_0161_0161.jpg 1 69 196 161 161
1100_0187_0119_0133_0133.jpg 1 187 119 133 133
1101_0566_0221_0172_0172.jpg 1 566 221 172 172
1102_0710_0321_0257_0257.jpg 1 710 321 257 257
1103_0272_0261_0025_0025.jpg 1 272 261 25 25
1104_0421_0278_0028_0028.jpg 1 421 278 28 28
1105_0475_0195_0271_0271.jpg 1 475 195 271 271
1106_0669_0740_0058_0058.jpg 1 669 740 58 58
1107_0434_0081_0138_0138.jpg 1 434 81 138 138
1108_0203_0144_0175_0175.jpg 1 203 144 175 175
1109_0527_1581_0111_0111.jpg 1 527 1581 111 111
1110_0237_0045_0154_0154.jpg 1 237 45 154 154
1111_0444_0224_0043_0043.jpg 1 444 224 43 43
1112_0076_0263_0104_0104.jpg 1 76 263 104 104
1113_0599_0439_0140_0140.jpg 1 599 439 140 140
1114_0139_0194_0059_0059.jpg 1 139 194 59 59
1115_0192_0588_0251_0251.jpg 1 192 588 251 251
1116_0134_0142_0226_0226.jpg 1 134 142 226 226
1117_0354_0778_0081_0081.jpg 1 354 778 81 81
1118_0132_0216_0108_0108.jpg 1 132 216 108 108
1119_0279_0080_0278_0278.jpg 1 279 80 278 278
1120_0103_0299_0025_0025.jpg 1 103 299 25 25
1121_0199_0151_0094_0094.jpg 1 199 151 94 94
1122_0563_1232_0107_0107.jpg 1 563 1232 107 107
1123_0486_0913_0153_0153.jpg 1 486 913 153 153
1124_0217_0097_0025_0025.jpg 1 217 97 25 25
1125_0445_0148_0116_0116.jpg 1 445 148 116 116
1126_0297_0491_0251_0251.jpg 1 297 491 251 251
1127_0218_0135_0234_0234.jpg 1 218 135 234 234
1128_0724_0461_0124_0124.jpg 1 724 461 124 124
1129_0371_0064_0114_0114.jpg 1 371 64 114 114
1130_0145_0069_0259_0259.jpg 1 145 69 259 259
1131_0209_0272_0029_0029.jpg 1 209 272 29 29
1132_0239_1590_0127_0127.jpg 1 239 1590 127 127
1133_0368_0087_0178_0178.jpg 1 368 87 178 178
1134_0112_0141_0168_0168.jpg 1 112 141 168 168
1135_0476_0215_0024_0024.jpg 1 476 215 24 24
1136_0562_0853_0171_0171.jpg 1 562 853 171 171
1137_0308_1217_0241_0241.jpg 1 308 1217 241 241
1138_0453_1043_0167_0167.jpg 1 453 1043 167 167
1139_0200_0118_0172_0172.jpg 1 200 118 172 172
1140_0349_0050_0081_0081.jpg 1 349 50 81 81
1141_0282_0058_0112_0112.jpg 1 282 58 112 112
1142_0220_1244_0188_0188.jpg 1 220 1244 188 188
1143_0237_0229_0027_0027.jpg 1 237 229 27 27
1144_0324_0238_0037_0037.jpg 1 324 238 37 37
1145_0345_0132_0244_0244.jpg 1 345 132 244 244
1146_0406_0172_0099_0099.jpg 1 406 172 99 99
1147_0554_1565_0111_0111.jpg 1 554 1565 111 111
1148_0587_0383_0111_0111.jpg 1 587 383 111 111
1149_0557_1633_0090_0090.jpg 1 557 1633 90 90
1150_0442_1377_0273_0273.jpg 1 442 1377 273 273
1151_0443_0195_0145_0145.jpg 1 443 195 145 145
1152_0337_0140_0049_0049.jpg 1 337 140 49 49
1153_0110_0166_0109_0109.jpg 1 110 166 109 109
1154_0143_0206_0271_0271.jpg 1 143 206 271 271
1155_0350_0152_0101_0101.jpg 1 350 152 101 101
1156_0546_0875_0077_0077.jpg 1 546 875 77 77
1157_0379_0179_0111_0111.jpg 1 379 179 111 111
1158_0173_0069_0169_0169.jpg 1 173 69 169 169
1159_0500_0124_0045_0045.jpg 1 500 124 45 45
1160_0357_0090_0056_0056.jpg 1 357 90 56 56
1161_0250_0173_0279_0279.jpg 1 250 173 279 279
1162_0226_0036_0166_0166.jpg 1 226 36 166 166
1163_0357_0096_0113_0113.jpg 1 357 96 113 113
1164_0089_0029_0271_0271.jpg 1 89 29 271 271
1165_0185_0092_0128_0128.jpg 1 185 92 128 128
1166_0363_0233_0093_0093.jpg 1 363 233 93 93
1167_0243_1015_0250_0250.jpg 1 243 1015 250 250
1168_0166_0096_0170_0170.jpg 1 166 96 170 170
1169_0150_0038_0233_0233.jpg 1 150 38 233 233
1170_0353_0085_0196_0196.jpg 1 353 85 196 196
1171_0126_0146_0186_0186.jpg 1 126 146 186 186
1172_0235_0040_0245_0245.jpg 1 235 40 245 245
1173_0075_0060_0199_0199.jpg 1 75 60 199 199
1174_0707_0964_0040_0040.jpg 1 707 964 40 40
1175_0196_0191_0114_0114.jpg 1 196 191 114 114
1176_0700_0986_0238_0238.jpg 1 700 986 238 238
1177_0485_0206_0093_0093.jpg 1 485 206 93 93
1178_0375_0073_0202_0202.jpg 1 375 73 202 202
1179_0068_0119_0226_0226.jpg 1 68 119 226 226
1180_0320_0143_0229_0229.jpg 1 320 143 229 229
1181_0299_0018_0278_0278.jpg 1 299 18 278 278
1182_0321_0033_0216_0216.jpg 1 321 33 216 216
1183_0103_0180_0184_0184.jpg 1 103 180 184 184
1184_0432_0135_0092_0092.jpg 1 432 135 92 92
1185_0384_0140_0199_0199.jpg 1 384 140 199 199
1186_0158_0163_0133_0133.jpg 1 158 163 133 133
1187_0100_0048_0133_0133.jpg 1 100 48 133 133
1188_0301_0092_0119_0119.jpg 1 301 92 119 119
1189_0171_0049_0219_0219.jpg 1 171 49 219 219
1190_0354_0118_0175_0175.jpg 1 354 118 175 175
1191_0580_1321_0041_0041.jpg 1 580 1321 41 41
1192_0063_0071_0072_0072.jpg 1 63 71 72 72
1193_0231_0151_0154_0154.jpg 1 231 151 154 154
1194_0557_0798_0090_0090.jpg 1 557 798 90 90
1195_0348_0153_0118_0118.jpg 1 348 153 118 118
1196_0329_0150_0195_0195.jpg 1 329 150 195 195
1197_0256_0081_0180_0180.jpg 1 256 81 180 180
1198_0409_0073_0082_0082.jpg 1 409 73 82 82
1199_0176_0027_0244_0244.jpg 1 176 27 244 244
1200_0513_1001_0268_0268.jpg 1 513 1001 268 268
1201_0204_0196_0151_0151.jpg 1 204 196 151 151
1202_0282_0491_0242_0242.jpg 1 282 491 242 242
1203_0139_0179_0098_0098.jpg 1 139 179 98 98
1204_0122_0252_0109_0109.jpg 1 122 252 109 109
1205_0321_0138_0202_0202.jpg 1 321 138 202 202
1206_0177_0112_0227_0227.jpg 1 177 112 227 227
1207_0674_0228_0158_0158.jpg 1 674 228 158 158
1208_0138_0064_0198_0198.jpg 1 138 64 198 198
1209_0067_0039_0251_0251.jpg 1 67 39 251 251
1210_0128_0070_0252_0252.jpg 1 128 70 252 252
1211_0321_0110_0046_0046.jpg 1 321 110 46 46
1212_0495_0143_0041_0041.jpg 1 495 143 41 41
1213_0252_0035_0090_0090.jpg 1 252 35 90 90
1214_0362_0086_0225_0225.jpg 1 362 86 225 225
1215_0413_0198_0069_0069.jpg 1 413 198 69 69
1216_0178_0056_0124_0124.jpg 1 178 56 124 124
1217_0158_0107_0083_0083.jpg 1 158 107 83 83
1218_0679_0685_0262_0262.jpg 1 679 685 262 262
1219_0316_0153_0034_0034.jpg 1 316 153 34 34
1220_0279_0225_0063_0063.jpg 1 279 225 63 63
1221_0136_0072_0279_0279.jpg 1 136 72 279 279
1222_0061_0152_0202_0202.jpg 1 61 152 202 202
1223_0394_0107_0038_0038.jpg 1 394 107 38 38
1224_0204_1055_0063_0063.jpg 1 204 1055 63 63
1225_0055_0046_0160_0160.jpg 1 55 46 160 160
1226_0242_0043_0060_0060.jpg 1 242 43 60 60
1227_0175_0414_0165_0165.jpg 1 175 414 165 165
1228_0119_0104_0095_0095.jpg 1 119 104 95 95
1229_0473_0194_0046_0046.jpg 1 473 194 46 46
1230_0295_1409_0245_0245.jpg 1 295 1409 245 245
1231_0474_0062_0072_0072.jpg 1 474 62 72 72
1232_0190_0056_0206_0206.jpg 1 190 56 206 206
1233_0228_0149_0185_0185.jpg 1 228 149 185 185
1234_0557_1034_0212_0212.jpg 1 557 1034 212 212
1235_0535_1098_0040_0040.jpg 1 535 1098 40 40
1236_0075_0114_0256_0256.jpg 1 75 114 256 256
1237_0247_0999_0178_0178.jpg 1 247 999 178 178
1238_0185_0195_0111_0111.jpg 1 185 195 111 111
1239_0881_1246_0064_0064.jpg 1 881 1246 64 64
1240_0141_0036_0234_0234.jpg 1 141 36 234 234
1241_0267_0047_0273_0273.jpg 1 267 47 273 273
1242_0354_0044_0078_0078.jpg 1 354 44 78 78
1243_0626_1611_0031_0031.jpg 1 626 1611 31 31
1244_0128_0151_0217_0217.jpg 1 128 151 217 217
1245_0117_0103_0068_0068.jpg 1 117 103 68 68
1246_0389_0072_0044_0044.jpg 1 389 72 44 44
1247_0661_0714_0187_0187.jpg 1 661 714 187 187
1248_0045_0043_0246_0246.jpg 1 45 43 246 246
1249_0855_1001_0071_0071.jpg 1 855 1001 71 71
1250_0110_0144_0226_0226.jpg 1 110 144 226 226
1251_0339_0093_0134_0134.jpg 1 339 93 134 134
1252_0395_0684_0182_0182.jpg 1 395 684 182 182
1253_0358_0586_0128_0128.jpg 1 358 586 128 128
1254_0390_0168_0188_0188.jpg 1 390 168 188 188
1255_0294_0032_0089_0089.jpg 1 294 32 89 89
1256_0318_0138_0187_0187.jpg 1 318 138 187 187
1257_0228_0104_0264_0264.jpg 1 228 104 264 264
1258_0178_0073_0092_0092.jpg 1 178 73 92 92
1259_0261_0095_0172_0172.jpg 1 261 95 172 172
1260_0130_0324_0023_0023.jpg 1 130 324 23 23
1261_0216_1468_0167_0167.jpg 1 216 1468 167 167
1262_0285_0134_0143_0143.jpg 1 285 134 143 143
1263_0546_1190_0114_0114.jpg 1 546 1190 114 114
1264_0101_0090_0045_0045.jpg 1 101 90 45 45
1265_0722_1449_0253_0253.jpg 1 722 1449 253 253
1266_0658_1110_0032_0032.jpg 1 658 1110 32 32
1267_0277_0088_0129_0129.jpg 1 277 88 129 129
1268_0412_0107_0022_0022.jpg 1 412 107 22 22
1269_0196_0349_0244_0244.jpg 1 196 349 244 244
1270_0773_0637_0173_0173.jpg 1 773 637 173 173
1271_0086_0118_0261_0261.jpg 1 86 118 261 261
1272_0690_1043_0042_0042.jpg 1 690 1043 42 42
1273_0501_0424_0194_0194.jpg 1 501 424 194 194
1274_0207_0173_0059_0059.jpg 1 207 173 59 59
1275_0421_0140_0043_0043.jpg 1 421 140 43 43
1276_0261_0040_0255_0255.jpg 1 261 40 255 255
1277_0119_0030_0262_0262.jpg 1 119 30 262 262
1278_0498_0394_0043_0043.jpg 1 498 394 43 43
1279_0236_0105_0101_0101.jpg 1 236 105 101 101
1280_0345_0115_0188_0188.jpg 1 345 115 188 188
1281_0295_0221_0071_0071.jpg 1 295 221 71 71
1282_0043_0081_0218_0218.jpg 1 43 81 218 218
1283_0080_0060_0277_0277.jpg 1 80 60 277 277
1284_0285_0440_0139_0139.jpg 1 285 440 139 139
1285_0271_0717_0081_0081.jpg 1 271 717 81 81
1286_0194_0227_0118_0118.jpg 1 194 227 118 118
1287_0525_0292_0155_0155.jpg 1 525 292 155 155
1288_0423_0138_0091_0091.jpg 1 423 138 91 91
1289_0350_0079_0198_0198.jpg 1 350 79 198 198
1290_0321_0552_0080_0080.jpg 1 321 552 80 80
1291_0386_0219_0061_0061.jpg 1 386 219 61 61
1292_0142_0089_0186_0186.jpg 1 142 89 186 186
1293_0617_0632_0255_0255.jpg 1 617 632 255 255
1294_0235_0053_0084_0084.jpg 1 235 53 84 84
1295_0207_1222_0276_0276.jpg 1 207 1222 276 276
1296_0095_0142_0185_0185.jpg 1 95 142 185 185
1297_0247_0117_0151_0151.jpg 1 247 117 151 151
1298_0394_1490_0186_0186.jpg 1 394 1490 186 186
1299_0398_0916_0057_0057.jpg 1 398 916 57 57
1300_0947_0287_0022_0022.jpg 1 947 287 22 22
1301_0704_1287_0164_0164.jpg 1 704 1287 164 164
1302_0789_0532_0064_0064.jpg 1 789 532 64 64
1303_0881_0642_0071_0071.jpg 1 881 642 71 71
1304_0114_0063_0218_0218.jpg 1 114 63 218 218
1305_0501_1308_0161_0161.jpg 1 501 1308 161 161
1306_0364_0036_0094_0094.jpg 1 364 36 94 94
1307_0121_0059_0275_0275.jpg 1 121 59 275 275
1308_0666_0638_0233_0233.jpg 1 666 638 233 233
1309_0290_1171_0055_0055.jpg 1 290 1171 55 55
1310_0116_0186_0141_0141.jpg 1 116 186 141 141
1311_0477_0046_0074_0074.jpg 1 477 46 74 74
1312_0320_0053_0225_0225.jpg 1 320 53 225 225
1313_0363_0144_0110_0110.jpg 1 363 144 110 110
1314_0137_0218_0077_0077.jpg 1 137 218 77 77
1315_0308_0152_0188_0188.jpg 1 308 152 188 188
1316_0253_0981_0089_0089.jpg 1 253 981 89 89
1317_0120_0111_0174_0174.jpg 1 120 111 174 174
1318_0761_0415_0217_0217.jpg 1 761 415 217 217
1319_0166_0186_0161_0161.jpg 1 166 186 161 161
1320_0140_0116_0260_0260.jpg 1 140 116 260 260
1321_0345_0188_0134_0134.jpg 1 345 188 134 134
1322_0367_0224_0032_0032.jpg 1 367 224 32 32
1323_0348_0247_0029_0029.jpg 1 348 247 29 29
1324_0157_0102_0233_0233.jpg 1 157 102 233 233
1325_0326_0077_0073_0073.jpg 1 326 77 73 73
1326_0177_0215_0097_0097.jpg 1 177 215 97 97
1327_0079_0076_0110_0110.jpg 1 79 76 110 110
1328_0242_0077_0194_0194.jpg 1 242 77 194 194
1329_0355_0129_0099_0099.jpg 1 355 129 99 99
1330_0296_0063_0107_0107.jpg 1 296 63 107 107
1331_0456_0203_0054_0054.jpg 1 456 203 54 54
1332_0204_0165_0094_0094.jpg 1 204 165 94 94
1333_0632_0241_0116_0116.jpg 1 632 241 116 116
1334_0766_1638_0020_0020.jpg 1 766 1638 20 20
1335_0696_0610_0098_0098.jpg 1 696 610 98 98
1336_0061_0156_0149_0149.jpg 1 61 156 149 149
1337_0202_0044_0266_0266.jpg 1 202 44 266 266
1338_0190_0051_0044_0044.jpg 1 190 51 44 44
1339_0494_0195_0134_0134.jpg 1 494 195 134 134
1340_0121_0063_0262_0262.jpg 1 121 63 262 262
1341_0040_0053_0265_0265.jpg 1 40 53 265 265
1342_0258_0038_0272_0272.jpg 1 258 38 272 272
1343_0641_1032_0129_0129.jpg 1 641 1032 129 129
1344_0298_0034_0237_0237.jpg 1 298 34 237 237
1345_0352_0091_0140_0140.jpg 1 352 91 140 140
1346_0672_1095_0154_0154.jpg 1 672 1095 154 154
1347_0097_0055_0032_0032.jpg 1 97 55 32 32
1348_0333_0165_0197_0197.jpg 1 333 165 197 197
1349_0068_0045_0134_0134.jpg 1 68 45 134 134
1350_0244_0080_0261_0261.jpg 1 244 80 261 261
1351_0041_0092_0250_0250.jpg 1 41 92 250 250
1352_0310_0192_0142_0142.jpg 1 310 192 142 142
1353_0037_0073_0271_0271.jpg 1 37 73 271 271
1354_0787_1491_0135_0135.jpg 1 787 1491 135 135
1355_0160_0024_0278_0278.jpg 1 160 24 278 278
1356_0469_0193_0078_0078.jpg 1 469 193 78 78
1357_0335_0106_0151_0151.jpg 1 335 106 151 151
1358_0411_0078_0177_0177.jpg 1 411 78 177 177
1359_0122_0103_0194_0194.jpg 1 122 103 194 194
1360_0517_0881_0110_0110.jpg 1 517 881 110 110
1361_0165_0092_0194_0194.jpg 1 165 92 194 194
1362_0247_0092_0044_0044.jpg 1 247 92 44 44
1363_0344_0100_0151_0151.jpg 1 344 100 151 151
1364_0388_0998_0267_0267.jpg 1 388 998 267 267
1365_0363_0180_0039_0039.jpg 1 363 180 39 39
1366_0292_0205_0094_0094.jpg 1 292 205 94 94
1367_0673_0822_0260_0260.jpg 1 673 822 260 260
1368_0414_0183_0099_0099.jpg 1 414 183 99 99
1369_0397_0228_0185_0185.jpg 1 397 228 185 185
1370_0057_0092_0183_0183.jpg 1 57 92 183 183
1371_0132_0211_0154_0154.jpg 1 132 211 154 154
1372_0391_0094_0079_0079.jpg 1 391 94 79 79
1373_0224_0061_0075_0075.jpg 1 224 61 75 75
1374_0478_0158_0108_0108.jpg 1 478 158 108 108
1375_0310_0601_0201_0201.jpg 1 310 601 201 201
1376_0137_0191_0106_0106.jpg 1 137 191 106 106
1377_0148_0126_0158_0158.jpg 1 148 126 158 158
1378_0663_0941_0175_0175.jpg 1 663 941 175 175
1379_0725_1574_0136_0136.jpg 1 725 1574 136 136
1380_0657_1248_0272_0272.jpg 1 657 1248 272 272
1381_0365_0287_0065_0065.jpg 1 365 287 65 65
1382_0190_0196_0122_0122.jpg 1 190 196 122 122
1383_0420_0093_0100_0100.jpg 1 420 93 100 100
1384_0191_0098_0152_0152.jpg 1 191 98 152 152
1385_0062_0017_0278_0278.jpg 1 62 17 278 278
1386_0258_0037_0062_0062.jpg 1 258 37 62 62
1387_0070_0092_0245_0245.jpg 1 70 92 245 245
1388_0311_0094_0063_0063.jpg 1 311 94 63 63
1389_0726_1597_0118_0118.jpg 1 726 1597 118 118
1390_0149_0065_0139_0139.jpg 1 149 65 139 139
1391_0147_0079_0271_0271.jpg 1 147 79 271 271
1392_0143_0125_0198_0198.jpg 1 143 125 198 198
1393_0171_0057_0267_0267.jpg 1 171 57 267 267
1394_0569_0306_0216_0216.jpg 1 569 306 216 216
1395_0233_0094_0139_0139.jpg 1 233 94 139 139
1396_0219_0035_0277_0277.jpg 1 219 35 277 277
1397_0072_0071_0277_0277.jpg 1 72 71 277 277
1398_0203_0127_0074_0074.jpg 1 203 127 74 74
1399_0220_0096_0253_0253.jpg 1 220 96 253 253
1400_0383_0144_0021_0021.jpg 1 383 144 21 21
1401_0173_0026_0196_0196.jpg 1 173 26 196 196
1402_0604_0883_0162_0162.jpg 1 604 883 162 162
1403_0167_0225_0086_0086.jpg 1 167 225 86 86
1404_0395_0542_0062_0062.jpg 1 395 542 62 62
1405_0477_0081_0074_0074.jpg 1 477 81 74 74
1406_0252_0202_0088_0088.jpg 1 252 202 88 88
1407_0761_0898_0140_0140.jpg 1 761 898 140 140
1408_0202_1536_0186_0186.jpg 1 202 1536 186 186
1409_0443_0743_0241_0241.jpg 1 443 743 241 241
1410_0642_0973_0131_0131.jpg 1 642 973 131 131
1411_0212_0193_0182_0182.jpg 1 212 193 182 182
1412_0255_0056_0233_0233.jpg 1 255 56 233 233
1413_0245_0080_0160_0160.jpg 1 245 80 160 160
1414_0293_1449_0151_0151.jpg 1 293 1449 151 151
1415_0416_0088_0120_0120.jpg 1 416 88 120 120
1416_0462_0182_0064_0064.jpg 1 462 182 64 64
1417_0172_1263_0107_0107.jpg 1 172 1263 107 107
1418_0377_0083_0038_0038.jpg 1 377 83 38 38
1419_0363_0104_0140_0140.jpg 1 363 104 140 140
1420_0196_1568_0028_0028.jpg 1 196 1568 28 28
1421_0217_0296_0066_0066.jpg 1 217 296 66 66
1422_0826_0779_0109_0109.jpg 1 826 779 109 109
1423_0091_0046_0153_0153.jpg 1 91 46 153 153
1424_0099_0095_0236_0236.jpg 1 99 95 236 236
1425_0049_0141_0209_0209.jpg 1 49 141 209 209
1426_0398_1467_0218_0218.jpg 1 398 1467 218 218
1427_0091_0055_0278_0278.jpg 1 91 55 278 278
1428_0145_0177_0079_0079.jpg 1 145 177 79 79
1429_0246_0078_0223_0223.jpg 1 246 78 223 223
1430_0146_0062_0157_0157.jpg 1 146 62 157 157
1431_0256_0236_0037_0037.jpg 1 256 236 37 37
1432_0131_0034_0229_0229.jpg 1 131 34 229 229
1433_0293_0172_0135_0135.jpg 1 293 172 135 135
1434_0239_0101_0137_0137.jpg 1 239 101 137 137
1435_0296_0064_0156_0156.jpg 1 296 64 156 156
1436_0201_0123_0166_0166.jpg 1 201 123 166 166
1437_0194_0617_0080_0080.jpg 1 194 617 80 80
1438_0067_0059_0205_0205.jpg 1 67 59 205 205
1439_0374_0256_0099_0099.jpg 1 374 256 99 99
1440_0094_0187_0177_0177.jpg 1 94 187 177 177
1441_0344_0062_0203_0203.jpg 1 344 62 203 203
1442_0094_0092_0269_0269.jpg 1 94 92 269 269
1443_0581_1321_0178_0178.jpg 1 581 1321 178 178
1444_0494_0215_0039_0039.jpg 1 494 215 39 39
1445_0361_0158_0101_0101.jpg 1 361 158 101 101
1446_0759_0848_0222_0222.jpg 1 759 848 222 222
1447_0058_0111_0219_0219.jpg 1 58 111 219 219
1448_0243_0263_0035_0035.jpg 1 243 263 35 35
1449_0289_0084_0271_0271.jpg 1 289 84 271 271
1450_0527_1243_0258_0258.jpg 1 527 1243 258 258
1451_0204_0038_0034_0034.jpg 1 204 38 34 34
1452_0658_1131_0217_0217.jpg 1 658 1131 217 217
1453_0209_1357_0225_0225.jpg 1 209 1357 225 225
1454_0351_0191_0140_0140.jpg 1 351 191 140 140
1455_0172_0231_0241_0241.jpg 1 172 231 241 241
1456_0409_0108_0057_0057.jpg 1 409 108 57 57
1457_0148_1328_0229_0229.jpg 1 148 1328 229 229
1458_0099_0123_0241_0241.jpg 1 99 123 241 241
1459_0054_0059_0180_0180.jpg 1 54 59 180 180
1460_0249_0102_0279_0279.jpg 1 249 102 279 279
1461_0121_0088_0204_0204.jpg 1 121 88 204 204
1462_0051_0025_0209_0209.jpg 1 51 25 209 209
1463_0311_0775_0131_0131.jpg 1 311 775 131 131
1464_0296_0099_0029_0029.jpg 1 296 99 29 29
1465_0927_0521_0038_0038.jpg 1 927 521 38 38
1466_0285_0152_0215_0215.jpg 1 285 152 215 215
1467_0517_0591_0142_0142.jpg 1 517 591 142 142
1468_0474_0223_0089_0089.jpg 1 474 223 89 89
1469_0252_0122_0234_0234.jpg 1 252 122 234 234
1470_0698_1524_0095_0095.jpg 1 698 1524 95 95
1471_0316_0170_0156_0156.jpg 1 316 170 156 156
1472_0317_0146_0092_0092.jpg 1 317 146 92 92
1473_0849_1474_0118_0118.jpg 1 849 1474 118 118
1474_0150_0361_0247_0247.jpg 1 150 361 247 247
1475_0237_0083_0184_0184.jpg 1 237 83 184 184
1476_0262_0184_0167_0167.jpg 1 262 184 167 167
1477_0188_0146_0233_0233.jpg 1 188 146 233 233
1478_0063_0077_0181_0181.jpg 1 63 77 181 181
1479_0177_0213_0143_0143.jpg 1 177 213 143 143
1480_0794_1556_0050_0050.jpg 1 794 1556 50 50
1481_0090_0068_0236_0236.jpg 1 90 68 236 236
1482_0162_0114_0221_0221.jpg 1 162 114 221 221
1483_0334_0152_0198_0198.jpg 1 334 152 198 198
1484_0331_0025_0268_0268.jpg 1 331 25 268 268
1485_0263_0097_0112_0112.jpg 1 263 97 112 112
1486_0211_0211_0051_0051.jpg 1 211 211 51 51
1487_0171_0555_0238_0238.jpg 1 171 555 238 238
1488_0483_0197_0021_0021.jpg 1 483 197 21 21
1489_0156_0074_0175_0175.jpg 1 156 74 175 175
1490_0143_0027_0268_0268.jpg 1 143 27 268 268
1491_0245_0029_0242_0242.jpg 1 245 29 242 242
1492_0072_0102_0096_0096.jpg 1 72 102 96 96
1493_0482_0839_0254_0254.jpg 1 482 839 254 254
1494_0695_0797_0030_0030.jpg 1 695 797 30 30
1495_0147_0129_0207_0207.jpg 1 147 129 207 207
1496_0170_0079_0134_0134.jpg 1 170 79 134 134
1497_0367_0075_0047_0047.jpg 1 367 75 47 47
1498_0375_0309_0183_0183.jpg 1 375 309 183 183
1499_0149_0241_0127_0127.jpg 1 149 241 127 127
1500_0200_0190_0153_0153.jpg 1 200 190 153 153
1501_0127_0027_0253_0253.jpg 1 127 27 253 253
1502_0265_0111_0257_0257.jpg 1 265 111 257 257
1503_0432_0546_0108_0108.jpg 1 432 546 108 108
1504_0523_1131_0247_0247.jpg 1 523 1131 247 247
1505_0316_0315_0047_0047.jpg 1 316 315 47 47
1506_0179_0230_0031_0031.jpg 1 179 230 31 31
1507_0413_0110_0146_0146.jpg 1 413 110 146 146
1508_0287_0294_0231_0231.jpg 1 287 294 231 231
1509_0201_0063_0262_0262.jpg 1 201 63 262 262
1510_0510_0231_0067_0067.jpg 1 510 231 67 67
1511_0144_0412_0077_0077.jpg 1 144 412 77 77
1512_0701_0278_0134_0134.jpg 1 701 278 134 134
1513_0523_0055_0042_0042.jpg 1 523 55 42 42
1514_0158_0138_0198_0198.jpg 1 158 138 198 198
1515_0258_0076_0145_0145.jpg 1 258 76 145 145
1516_0374_0177_0099_0099.jpg 1 374 177 99 99
1517_0495_0218_0060_0060.jpg 1 495 218 60 60
1518_0381_0126_0056_0056.jpg 1 381 126 56 56
1519_0360_0193_0173_0173.jpg 1 360 193 173 173
1520_0765_1550_0109_0109.jpg 1 765 1550 109 109
1521_0574_0783_0247_0247.jpg 1 574 783 247 247
1522_0113_0077_0270_0270.jpg 1 113 77 270 270
1523_0834_0833_0098_0098.jpg 1 834 833 98 98
1524_0051_0080_0278_0278.jpg 1 51 80 278 278
1525_0300_0095_0279_0279.jpg 1 300 95 279 279
1526_0487_0107_0062_0062.jpg 1 487 107 62 62
1527_0251_0055_0048_0048.jpg 1 251 55 48 48
1528_0150_0194_0176_0176.jpg 1 150 194 176 176
1529_0242_0323_0040_0040.jpg 1 242 323 40 40
1530_0073_0177_0049_0049.jpg 1 73 177 49 49
1531_0058_0221_0070_0070.jpg 1 58 221 70 70
1532_0189_0141_0161_0161.jpg 1 189 141 161 161
